 150  1.15730E-05  2.35560E-02  8.31893E-02  9.26494E-02  8.68796E-04  8.97893E-01  2.36351E-01  2.36351E-01
 160  1.15084E-05  2.61680E-02  7.36434E-02  9.19457E-02  1.22141E-03  8.00945E-01  2.34555E-01  2.34555E-01
 170  1.14558E-05  2.93579E-02  6.99865E-02  9.13739E-02  1.61098E-03  7.65936E-01  2.33097E-01  2.33097E-01
 180  1.14092E-05  3.24254E-02  6.81181E-02  9.08686E-02  2.03621E-03  7.49633E-01  2.31808E-01  2.31808E-01
 190  1.13628E-05  3.73637E-02  6.69393E-02  9.03661E-02  2.46233E-03  7.40757E-01  2.30525E-01  2.30526E-01
 200  1.13224E-05  3.93679E-02  6.60856E-02  8.99274E-02  2.91158E-03  7.34877E-01  2.29390E-01  2.29407E-01
 210  1.12821E-05  4.09300E-02  6.51304E-02  8.94500E-02  3.38161E-03  7.28121E-01  2.27641E-01  2.28191E-01
 220  1.12477E-05  3.74777E-02  5.70488E-02  8.75543E-02  3.87832E-03  6.51582E-01  2.07826E-01  2.23433E-01
 230  1.12134E-05  1.80478E-02  2.70332E-02  4.23528E-02  8.49905E-03  6.38286E-01  1.32916E-01  1.10410E-01
 240  1.11849E-05  1.63915E-02  2.51035E-02  8.90609E-03  4.23256E-02  2.81869E+00  1.28192E-01  2.67777E-02
 250  1.11621E-05  1.68140E-02  2.54507E-02  6.34904E-03  5.52203E-02  4.00858E+00  1.29152E-01  2.03726E-02
 260  1.11337E-05  1.72352E-02  2.57480E-02  6.19714E-03  5.80097E-02  4.15481E+00  1.29976E-01  1.99773E-02
 270  1.11054E-05  1.75645E-02  2.59129E-02  6.10995E-03  6.05234E-02  4.24110E+00  1.30459E-01  1.97438E-02
 280  1.10828E-05  1.77843E-02  2.59283E-02  6.00678E-03  6.31669E-02  4.31650E+00  1.30563E-01  1.94735E-02
 290  1.10603E-05  1.77980E-02  2.56618E-02  5.87305E-03  6.60540E-02  4.36942E+00  1.29955E-01  1.91268E-02
 300  1.10322E-05  1.74555E-02  2.49121E-02  5.69185E-03  6.93376E-02  4.37681E+00  1.28127E-01  1.86585E-02
 310  1.10097E-05  1.65970E-02  2.34703E-02  5.44450E-03  7.31957E-02  4.31082E+00  1.24562E-01  1.80278E-02
 320  1.09818E-05  1.47870E-02  2.07459E-02  5.10377E-03  7.80658E-02  4.06481E+00  1.17778E-01  1.71607E-02
 330  1.09483E-05  1.14624E-02  1.59761E-02  4.66871E-03  8.44768E-02  3.42195E+00  1.05864E-01  1.60548E-02
 340  1.09204E-05  6.20743E-03  8.58621E-03  4.20392E-03  9.27757E-02  2.04243E+00  8.73852E-02  1.48777E-02
 350  1.08927E-05  0.00000E+00 -8.80187E-04  3.83092E-03  1.01965E-01 -2.29759E-01  6.36903E-02  1.39300E-02
 360  1.08650E-05  0.00000E+00 -1.02313E-02  3.61192E-03  9.92669E-02 -2.83265E+00  4.02094E-02  1.33675E-02
 370  1.08319E-05  0.00000E+00 -1.69543E-02  3.50097E-03  9.24778E-02 -4.84275E+00  2.32272E-02  1.30721E-02
 380  1.07989E-05  0.00000E+00 -2.08254E-02  3.43244E-03  8.42806E-02 -6.06723E+00  1.33088E-02  1.28829E-02
 390  1.07659E-05  0.00000E+00 -2.27956E-02  3.38018E-03  7.60039E-02 -6.74391E+00  8.07280E-03  1.27344E-02
 400  1.07277E-05  0.00000E+00 -2.37763E-02  3.33668E-03  6.81969E-02 -7.12575E+00  5.22621E-03  1.26049E-02
 410  1.06895E-05  0.00000E+00 -2.42969E-02  3.30067E-03  6.10199E-02 -7.36121E+00  3.42883E-03  1.24942E-02
 420  1.06461E-05  0.00000E+00 -2.44674E-02  3.26821E-03  5.45548E-02 -7.48649E+00  2.37759E-03  1.23896E-02
 430  1.06028E-05  0.00000E+00 -2.44105E-02  3.23814E-03  4.87879E-02 -7.53843E+00  1.73524E-03  1.22911E-02
 440  1.05598E-05  0.00000E+00 -2.41800E-02  3.21038E-03  4.36767E-02 -7.53181E+00  1.32402E-03  1.21985E-02
 450  1.05062E-05  0.00000E+00 -2.37900E-02  3.18421E-03  3.91781E-02 -7.47126E+00  1.04765E-03  1.21042E-02
 460  1.04476E-05  0.00000E+00 -2.32359E-02  3.15960E-03  3.52372E-02 -7.35404E+00  8.53810E-04  1.20113E-02
 470  1.03893E-05  0.00000E+00 -2.24990E-02  3.13627E-03  3.18008E-02 -7.17382E+00  7.11960E-04  1.19217E-02
 480  1.03260E-05  0.00000E+00 -2.15521E-02  3.11400E-03  2.88282E-02 -6.92105E+00  6.03122E-04  1.18322E-02
 490  1.02580E-05  0.00000E+00 -2.03695E-02  3.09278E-03  2.62786E-02 -6.58615E+00  5.15820E-04  1.17429E-02
 500  1.01904E-05  0.00000E+00 -1.89393E-02  3.07217E-03  2.41159E-02 -6.16481E+00  4.42837E-04  1.16554E-02
 510  1.01181E-05  0.00000E+00 -1.72727E-02  3.05225E-03  2.23053E-02 -5.65901E+00  3.79340E-04  1.15672E-02
 520  1.00412E-05  0.00000E+00 -1.54204E-02  3.03256E-03  2.08128E-02 -5.08495E+00  3.22702E-04  1.14772E-02
 530  9.96487E-06  0.00000E+00 -1.34727E-02  3.01337E-03  1.95990E-02 -4.47098E+00  2.71768E-04  1.13890E-02
 540  9.87407E-06  0.00000E+00 -1.15389E-02  2.99383E-03  1.86317E-02 -3.85423E+00  2.25910E-04  1.12923E-02
 550  9.77913E-06  0.00000E+00 -9.72874E-03  2.97421E-03  1.78690E-02 -3.27104E+00  1.85637E-04  1.11934E-02
 560  9.69497E-06  0.00000E+00 -8.11950E-03  2.95566E-03  1.72667E-02 -2.74710E+00  1.51079E-04  1.11030E-02
 570  9.61154E-06  0.00000E+00 -6.74522E-03  2.93661E-03  1.67981E-02 -2.29694E+00  1.21972E-04  1.10119E-02
 580  9.52399E-06  0.00000E+00 -5.60464E-03  2.91708E-03  1.64355E-02 -1.92132E+00  9.78781E-05  1.09176E-02
 590  9.43724E-06  0.00000E+00 -4.67881E-03  2.89874E-03  1.61519E-02 -1.61408E+00  7.82205E-05  1.08268E-02
 600  9.34654E-06  0.00000E+00 -3.93493E-03  2.87845E-03  1.59364E-02 -1.36703E+00  6.22326E-05  1.07292E-02
 610  9.25200E-06  0.00000E+00 -3.34002E-03  2.85756E-03  1.57718E-02 -1.16884E+00  4.92447E-05  1.06283E-02
 620  9.15844E-06  0.00000E+00 -2.86599E-03  2.83718E-03  1.56448E-02 -1.01016E+00  3.87212E-05  1.05294E-02
 630  9.06582E-06  0.00000E+00 -2.48767E-03  2.81535E-03  1.55504E-02 -8.83608E-01  3.01705E-05  1.04275E-02
 640  8.97871E-06  0.00000E+00 -2.18563E-03  2.79525E-03  1.54753E-02 -7.81911E-01  2.32107E-05  1.03329E-02
 650  8.88341E-06  0.00000E+00 -1.94155E-03  2.77160E-03  1.54280E-02 -7.00516E-01  1.75079E-05  1.02255E-02
 660  8.78912E-06  0.00000E+00 -1.74460E-03  2.74756E-03  1.53960E-02 -6.34964E-01  1.28441E-05  1.01177E-02
 670  8.69143E-06  0.00000E+00 -1.58442E-03  2.72442E-03  1.53764E-02 -5.81561E-01  9.02816E-06  1.00107E-02
 680  8.59482E-06  0.00000E+00 -1.45469E-03  2.69820E-03  1.53713E-02 -5.39132E-01  5.92635E-06  9.89677E-03
 690  8.49498E-06  0.00000E+00 -1.34952E-03  2.67102E-03  1.53767E-02 -5.05247E-01  3.44267E-06  9.77896E-03
 700  8.40058E-06  0.00000E+00 -1.26774E-03  2.64415E-03  1.53863E-02 -4.79452E-01  1.54456E-06  9.66485E-03
 710  8.30300E-06  0.00000E+00 -1.20836E-03  2.61674E-03  1.54028E-02 -4.61781E-01  2.79065E-07  9.54803E-03
 720  8.21074E-06  0.00000E+00 -1.18426E-03  2.59060E-03  1.54180E-02 -4.57140E-01  1.68107E-08  9.43717E-03
 730  8.11538E-06  0.00000E+00 -1.16554E-03  2.56286E-03  1.54389E-02 -4.54781E-01  8.48115E-10  9.32101E-03
 740  8.00893E-06  0.00000E+00 -1.14472E-03  2.53337E-03  1.54684E-02 -4.51859E-01  4.06709E-11  9.19523E-03
 750  7.90388E-06  0.00000E+00 -1.12428E-03  2.50508E-03  1.54985E-02 -4.48799E-01  1.94182E-12  9.07341E-03
 760  7.81210E-06  0.00000E+00 -1.10650E-03  2.47929E-03  1.55234E-02 -4.46297E-01  9.39377E-14  8.96446E-03
 770  7.71748E-06  0.00000E+00 -1.08824E-03  2.45149E-03  1.55549E-02 -4.43911E-01  4.61184E-15  8.84933E-03
 780  7.62788E-06  0.00000E+00 -1.07103E-03  2.42501E-03  1.55848E-02 -4.41661E-01  2.29200E-16  8.74009E-03
 790  7.53932E-06  0.00000E+00 -1.05409E-03  2.39882E-03  1.56144E-02 -4.39422E-01  1.14530E-17  8.63227E-03
 800  7.45179E-06  0.00000E+00 -1.03742E-03  2.37350E-03  1.56404E-02 -4.37085E-01  5.71878E-19  8.52730E-03
 810  7.36903E-06  0.00000E+00 -1.02172E-03  2.34937E-03  1.56566E-02 -4.34891E-01  2.83993E-20  8.42772E-03
 820  7.28348E-06  0.00000E+00 -1.00556E-03  2.32330E-03  1.56637E-02 -4.32815E-01  1.39711E-21  8.32216E-03
 830  7.20991E-06  0.00000E+00 -9.91717E-04  2.29985E-03  1.56416E-02 -4.31209E-01  6.80684E-23  8.22893E-03
 840  7.13346E-06  0.00000E+00 -9.77386E-04  2.27584E-03  1.55906E-02 -4.29462E-01  3.27837E-24  8.13306E-03
 850  7.06140E-06  0.00000E+00 -9.63930E-04  2.25285E-03  1.54952E-02 -4.27872E-01  1.56466E-25  8.04194E-03
 860  6.99007E-06  0.00000E+00 -9.50659E-04  2.22991E-03  1.53475E-02 -4.26322E-01  7.41611E-27  7.95142E-03
 870  6.92298E-06  0.00000E+00 -9.38221E-04  2.20796E-03  1.51357E-02 -4.24927E-01  3.50480E-28  7.86544E-03
 880  6.85306E-06  0.00000E+00 -9.25304E-04  2.18529E-03  1.48581E-02 -4.23425E-01  1.65839E-29  7.77648E-03
 890  6.79073E-06  0.00000E+00 -9.13832E-04  2.16420E-03  1.45039E-02 -4.22249E-01  7.90995E-31  7.69508E-03
 900  6.72897E-06  0.00000E+00 -9.02501E-04  2.14311E-03  1.40785E-02 -4.21117E-01  3.82432E-32  7.61404E-03
 910  6.67116E-06  0.00000E+00 -8.91929E-04  2.12314E-03  1.35845E-02 -4.20098E-01  1.88948E-33  7.53768E-03
 920  6.60714E-06  0.00000E+00 -8.80259E-04  2.10176E-03  1.30370E-02 -4.18820E-01  9.61961E-35  7.45505E-03
 930  6.54373E-06  0.00000E+00 -8.68742E-04  2.08067E-03  1.24435E-02 -4.17531E-01  5.10474E-36  7.37352E-03
 940  6.49080E-06  0.00000E+00 -8.59161E-04  2.06224E-03  1.18128E-02 -4.16614E-01  2.85395E-37  7.30351E-03
 950  6.44485E-06  0.00000E+00 -8.50864E-04  2.04577E-03  1.11634E-02 -4.15913E-01  1.69738E-38  7.24159E-03
 960  6.39597E-06  0.00000E+00 -8.42063E-04  2.02859E-03  1.05168E-02 -4.15097E-01  1.08355E-39  7.17664E-03
 970  6.35391E-06  0.00000E+00 -8.34509E-04  2.01336E-03  9.88279E-03 -4.14485E-01  1.14053E-40  7.11968E-03
 980  6.31213E-06  0.00000E+00 -8.27023E-04  1.99833E-03  9.27777E-03 -4.13856E-01  5.33166E-41  7.06339E-03
 990  6.27062E-06  0.00000E+00 -8.19605E-04  1.98356E-03  8.71211E-03 -4.13200E-01  5.28374E-41  7.00790E-03
1000  6.23254E-06  0.00000E+00 -8.12816E-04  1.96981E-03  8.19210E-03 -4.12636E-01  5.44965E-41  6.95657E-03
1010  6.19156E-06  0.00000E+00 -8.05524E-04  1.95540E-03  7.72510E-03 -4.11949E-01  5.81623E-41  6.90231E-03
1020  6.15709E-06  0.00000E+00 -7.99406E-04  1.94285E-03  7.30933E-03 -4.11459E-01  6.18435E-41  6.85565E-03
1030  6.12592E-06  0.00000E+00 -7.93884E-04  1.93139E-03  6.94577E-03 -4.11042E-01  6.55107E-41  6.81319E-03
1040  6.09491E-06  0.00000E+00 -7.88400E-04  1.91883E-03  6.63349E-03 -4.10876E-01  6.91233E-41  6.76807E-03
1050  6.06405E-06  0.00000E+00 -7.82954E-04  1.90744E-03  6.36846E-03 -4.10473E-01  0.00000E+00  6.72600E-03
1060  6.03642E-06  0.00000E+00 -7.78085E-04  1.89720E-03  6.14503E-03 -4.10123E-01  0.00000E+00  6.68821E-03
1070  6.00891E-06  0.00000E+00 -7.73246E-04  1.88719E-03  5.95911E-03 -4.09735E-01  0.00000E+00  6.65109E-03
1080  5.98153E-06  0.00000E+00 -7.68438E-04  1.87736E-03  5.80536E-03 -4.09317E-01  0.00000E+00  6.61450E-03
1090  5.96032E-06  0.00000E+00 -7.64718E-04  1.86940E-03  5.67685E-03 -4.09072E-01  0.00000E+00  6.58529E-03
1100  5.93617E-06  0.00000E+00 -7.60489E-04  1.86073E-03  5.57161E-03 -4.08704E-01  0.00000E+00  6.55306E-03
1110  5.91511E-06  0.00000E+00 -7.56808E-04  1.85312E-03  5.48348E-03 -4.08398E-01  0.00000E+00  6.52481E-03
1120  5.89414E-06  0.00000E+00 -7.53145E-04  1.84574E-03  5.40959E-03 -4.08046E-01  0.00000E+00  6.49721E-03
1130  5.87323E-06  0.00000E+00 -7.49500E-04  1.83851E-03  5.34685E-03 -4.07666E-01  0.00000E+00  6.47003E-03
1140  5.85538E-06  0.00000E+00 -7.46389E-04  1.83225E-03  5.29180E-03 -4.07362E-01  0.00000E+00  6.44660E-03
1150  5.83758E-06  0.00000E+00 -7.43291E-04  1.82613E-03  5.24316E-03 -4.07031E-01  0.00000E+00  6.42356E-03
1160  5.81983E-06  0.00000E+00 -7.40207E-04  1.82025E-03  5.19917E-03 -4.06651E-01  0.00000E+00  6.40114E-03
1170  5.79919E-06  0.00000E+00 -7.36624E-04  1.81365E-03  5.15942E-03 -4.06155E-01  0.00000E+00  6.37569E-03
1180  5.78449E-06  0.00000E+00 -7.34075E-04  1.80894E-03  5.12037E-03 -4.05803E-01  0.00000E+00  6.35755E-03
1190  5.76691E-06  0.00000E+00 -7.31029E-04  1.80353E-03  5.08379E-03 -4.05332E-01  0.00000E+00  6.33640E-03
1200  5.75229E-06  0.00000E+00 -7.28500E-04  1.79916E-03  5.04747E-03 -4.04910E-01  0.00000E+00  6.31916E-03
1210  5.73772E-06  0.00000E+00 -7.25979E-04  1.79498E-03  5.01187E-03 -4.04451E-01  0.00000E+00  6.30239E-03
1220  5.72317E-06  0.00000E+00 -7.23467E-04  1.79109E-03  4.97663E-03 -4.03926E-01  0.00000E+00  6.28639E-03
1230  5.71157E-06  0.00000E+00 -7.21464E-04  1.78815E-03  4.94091E-03 -4.03471E-01  0.00000E+00  6.27403E-03
1240  5.69709E-06  0.00000E+00 -7.18968E-04  1.78459E-03  4.90628E-03 -4.02876E-01  0.00000E+00  6.25889E-03
1250  5.68265E-06  0.00000E+00 -7.16481E-04  1.78051E-03  4.87183E-03 -4.02402E-01  0.00000E+00  6.24248E-03
1260  5.67113E-06  0.00000E+00 -7.14497E-04  1.77726E-03  4.83675E-03 -4.02022E-01  0.00000E+00  6.22939E-03
1270  5.65963E-06  0.00000E+00 -7.12519E-04  1.77402E-03  4.80181E-03 -4.01641E-01  0.00000E+00  6.21635E-03
1280  5.64815E-06  0.00000E+00 -7.10546E-04  1.77080E-03  4.76701E-03 -4.01257E-01  0.00000E+00  6.20336E-03
1290  5.63670E-06  0.00000E+00 -7.08579E-04  1.76760E-03  4.73235E-03 -4.00871E-01  0.00000E+00  6.19044E-03
1300  5.62527E-06  0.00000E+00 -7.06617E-04  1.76441E-03  4.69790E-03 -4.00483E-01  0.00000E+00  6.17757E-03
1310  5.61671E-06  0.00000E+00 -7.05149E-04  1.76203E-03  4.66294E-03 -4.00191E-01  0.00000E+00  6.16795E-03
1320  5.60532E-06  0.00000E+00 -7.03197E-04  1.75889E-03  4.62895E-03 -3.99797E-01  0.00000E+00  6.15521E-03
1330  5.59679E-06  0.00000E+00 -7.01736E-04  1.75654E-03  4.59454E-03 -3.99499E-01  0.00000E+00  6.14569E-03
1340  5.58544E-06  0.00000E+00 -6.99793E-04  1.75344E-03  4.56119E-03 -3.99096E-01  0.00000E+00  6.13309E-03
1350  5.57695E-06  0.00000E+00 -6.98339E-04  1.75114E-03  4.52756E-03 -3.98791E-01  0.00000E+00  6.12370E-03
1360  5.56846E-06  0.00000E+00 -6.96889E-04  1.74887E-03  4.49445E-03 -3.98479E-01  0.00000E+00  6.11440E-03
1370  5.55999E-06  0.00000E+00 -6.95441E-04  1.74664E-03  4.46181E-03 -3.98160E-01  0.00000E+00  6.10519E-03
1380  5.55153E-06  0.00000E+00 -6.93996E-04  1.74446E-03  4.42965E-03 -3.97829E-01  0.00000E+00  6.09614E-03
1390  5.54309E-06  0.00000E+00 -6.92555E-04  1.74213E-03  4.39807E-03 -3.97534E-01  0.00000E+00  6.08670E-03
1400  5.53185E-06  0.00000E+00 -6.90637E-04  1.73888E-03  4.36771E-03 -3.97174E-01  0.00000E+00  6.07379E-03
1410  5.52624E-06  0.00000E+00 -6.89681E-04  1.73726E-03  4.33658E-03 -3.96993E-01  0.00000E+00  6.06736E-03
1420  5.51783E-06  0.00000E+00 -6.88248E-04  1.73484E-03  4.30675E-03 -3.96721E-01  0.00000E+00  6.05772E-03
1430  5.50943E-06  0.00000E+00 -6.86818E-04  1.73242E-03  4.27758E-03 -3.96450E-01  0.00000E+00  6.04810E-03
1440  5.50385E-06  0.00000E+00 -6.85867E-04  1.73082E-03  4.24845E-03 -3.96267E-01  0.00000E+00  6.04171E-03
1450  5.49547E-06  0.00000E+00 -6.84442E-04  1.72842E-03  4.22066E-03 -3.95993E-01  0.00000E+00  6.03215E-03
1460  5.48711E-06  0.00000E+00 -6.83020E-04  1.72602E-03  4.19357E-03 -3.95719E-01  0.00000E+00  6.02260E-03
1470  5.48154E-06  0.00000E+00 -6.82074E-04  1.72443E-03  4.16657E-03 -3.95535E-01  0.00000E+00  6.01627E-03
1480  5.47598E-06  0.00000E+00 -6.81129E-04  1.72285E-03  4.14032E-03 -3.95351E-01  0.00000E+00  6.00994E-03
1490  5.46765E-06  0.00000E+00 -6.79714E-04  1.72047E-03  4.11544E-03 -3.95074E-01  0.00000E+00  6.00046E-03
1500  5.46211E-06  0.00000E+00 -6.78773E-04  1.71890E-03  4.09073E-03 -3.94888E-01  0.00000E+00  5.99417E-03
1510  5.45656E-06  0.00000E+00 -6.77832E-04  1.71732E-03  4.06679E-03 -3.94703E-01  0.00000E+00  5.98788E-03
1520  5.45103E-06  0.00000E+00 -6.76893E-04  1.71576E-03  4.04362E-03 -3.94516E-01  0.00000E+00  5.98162E-03
1530  5.44550E-06  0.00000E+00 -6.75955E-04  1.71420E-03  4.02126E-03 -3.94327E-01  0.00000E+00  5.97539E-03
1540  5.43998E-06  0.00000E+00 -6.75019E-04  1.71265E-03  3.99968E-03 -3.94138E-01  0.00000E+00  5.96916E-03
1550  5.43446E-06  0.00000E+00 -6.74084E-04  1.71110E-03  3.97887E-03 -3.93948E-01  0.00000E+00  5.96296E-03
1560  5.42894E-06  0.00000E+00 -6.73150E-04  1.70956E-03  3.95885E-03 -3.93757E-01  0.00000E+00  5.95677E-03
1570  5.42344E-06  0.00000E+00 -6.72218E-04  1.70802E-03  3.93958E-03 -3.93565E-01  0.00000E+00  5.95060E-03
1580  5.41793E-06  0.00000E+00 -6.71286E-04  1.70650E-03  3.92106E-03 -3.93371E-01  0.00000E+00  5.94446E-03
1590  5.41519E-06  0.00000E+00 -6.70821E-04  1.70574E-03  3.90268E-03 -3.93273E-01  0.00000E+00  5.94141E-03
1600  5.40969E-06  0.00000E+00 -6.69892E-04  1.70423E-03  3.88563E-03 -3.93076E-01  0.00000E+00  5.93530E-03
1610  5.40420E-06  0.00000E+00 -6.68964E-04  1.70273E-03  3.86924E-03 -3.92876E-01  0.00000E+00  5.92924E-03
1620  5.39872E-06  0.00000E+00 -6.68037E-04  1.70126E-03  3.85352E-03 -3.92672E-01  0.00000E+00  5.92324E-03
1630  5.39598E-06  0.00000E+00 -6.67574E-04  1.70049E-03  3.83791E-03 -3.92578E-01  0.00000E+00  5.92016E-03
1640  5.39051E-06  0.00000E+00 -6.66649E-04  1.69887E-03  3.82352E-03 -3.92407E-01  0.00000E+00  5.91381E-03
1650  5.38504E-06  0.00000E+00 -6.65726E-04  1.69726E-03  3.80976E-03 -3.92237E-01  0.00000E+00  5.90745E-03
1660  5.38231E-06  0.00000E+00 -6.65264E-04  1.69645E-03  3.79605E-03 -3.92151E-01  0.00000E+00  5.90429E-03
1670  5.37685E-06  0.00000E+00 -6.64343E-04  1.69484E-03  3.78353E-03 -3.91979E-01  0.00000E+00  5.89797E-03
1680  5.37412E-06  0.00000E+00 -6.63883E-04  1.69404E-03  3.77102E-03 -3.91893E-01  0.00000E+00  5.89481E-03
1690  5.37139E-06  0.00000E+00 -6.63423E-04  1.69324E-03  3.75906E-03 -3.91807E-01  0.00000E+00  5.89165E-03
1700  5.36594E-06  0.00000E+00 -6.62504E-04  1.69163E-03  3.74814E-03 -3.91636E-01  0.00000E+00  5.88534E-03
1710  5.36322E-06  0.00000E+00 -6.62045E-04  1.69083E-03  3.73710E-03 -3.91550E-01  0.00000E+00  5.88219E-03
1720  5.35778E-06  0.00000E+00 -6.61127E-04  1.68923E-03  3.72707E-03 -3.91378E-01  0.00000E+00  5.87589E-03
1730  5.35506E-06  0.00000E+00 -6.60669E-04  1.68843E-03  3.71691E-03 -3.91292E-01  0.00000E+00  5.87274E-03
1740  5.34963E-06  0.00000E+00 -6.59754E-04  1.68684E-03  3.70773E-03 -3.91118E-01  0.00000E+00  5.86649E-03
1750  5.34691E-06  0.00000E+00 -6.59297E-04  1.68604E-03  3.69843E-03 -3.91033E-01  0.00000E+00  5.86334E-03
1760  5.34420E-06  0.00000E+00 -6.58840E-04  1.68524E-03  3.68951E-03 -3.90947E-01  0.00000E+00  5.86020E-03
1770  5.33878E-06  0.00000E+00 -6.57927E-04  1.68366E-03  3.68156E-03 -3.90773E-01  0.00000E+00  5.85396E-03
1780  5.33607E-06  0.00000E+00 -6.57471E-04  1.68286E-03  3.67344E-03 -3.90686E-01  0.00000E+00  5.85083E-03
1790  5.33336E-06  0.00000E+00 -6.57016E-04  1.68207E-03  3.66557E-03 -3.90599E-01  0.00000E+00  5.84772E-03
1800  5.32795E-06  0.00000E+00 -6.56106E-04  1.68049E-03  3.65867E-03 -3.90425E-01  0.00000E+00  5.84149E-03
1810  5.32525E-06  0.00000E+00 -6.55651E-04  1.67970E-03  3.65143E-03 -3.90339E-01  0.00000E+00  5.83837E-03
1820  5.32254E-06  0.00000E+00 -6.55197E-04  1.67891E-03  3.64461E-03 -3.90252E-01  0.00000E+00  5.83526E-03
1830  5.31984E-06  0.00000E+00 -6.54743E-04  1.67812E-03  3.63800E-03 -3.90164E-01  0.00000E+00  5.83216E-03
1840  5.31445E-06  0.00000E+00 -6.53836E-04  1.67655E-03  3.63230E-03 -3.89989E-01  0.00000E+00  5.82596E-03
1850  5.31175E-06  0.00000E+00 -6.53383E-04  1.67576E-03  3.62627E-03 -3.89902E-01  0.00000E+00  5.82286E-03
1860  5.30906E-06  0.00000E+00 -6.52930E-04  1.67498E-03  3.62044E-03 -3.89814E-01  0.00000E+00  5.81977E-03
1870  5.30636E-06  0.00000E+00 -6.52478E-04  1.67419E-03  3.61480E-03 -3.89726E-01  0.00000E+00  5.81668E-03
1880  5.30367E-06  0.00000E+00 -6.52025E-04  1.67341E-03  3.60936E-03 -3.89638E-01  0.00000E+00  5.81360E-03
1890  5.30098E-06  0.00000E+00 -6.51574E-04  1.67263E-03  3.60410E-03 -3.89550E-01  0.00000E+00  5.81051E-03
1900  5.29829E-06  0.00000E+00 -6.51122E-04  1.67185E-03  3.59902E-03 -3.89461E-01  0.00000E+00  5.80744E-03
1910  5.29560E-06  0.00000E+00 -6.50671E-04  1.67107E-03  3.59412E-03 -3.89373E-01  0.00000E+00  5.80436E-03
1920  5.29291E-06  0.00000E+00 -6.50220E-04  1.67029E-03  3.58940E-03 -3.89285E-01  0.00000E+00  5.80128E-03
1930  5.29023E-06  0.00000E+00 -6.49770E-04  1.66952E-03  3.58480E-03 -3.89195E-01  0.00000E+00  5.79822E-03
1940  5.28754E-06  0.00000E+00 -6.49319E-04  1.66874E-03  3.58036E-03 -3.89107E-01  0.00000E+00  5.79515E-03
1950  5.28486E-06  0.00000E+00 -6.48869E-04  1.66797E-03  3.57609E-03 -3.89017E-01  0.00000E+00  5.79210E-03
1960  5.28218E-06  0.00000E+00 -6.48420E-04  1.66720E-03  3.57195E-03 -3.88929E-01  0.00000E+00  5.78904E-03
1970  5.27950E-06  0.00000E+00 -6.47970E-04  1.66642E-03  3.56793E-03 -3.88839E-01  0.00000E+00  5.78598E-03
1980  5.27682E-06  0.00000E+00 -6.47521E-04  1.66566E-03  3.56405E-03 -3.88748E-01  0.00000E+00  5.78295E-03
1990  5.27414E-06  0.00000E+00 -6.47073E-04  1.66488E-03  3.56029E-03 -3.88659E-01  0.00000E+00  5.77989E-03
2000  5.27147E-06  0.00000E+00 -6.46624E-04  1.66412E-03  3.55665E-03 -3.88569E-01  0.00000E+00  5.77686E-03
2010  5.26879E-06  0.00000E+00 -6.46177E-04  1.66335E-03  3.55313E-03 -3.88479E-01  0.00000E+00  5.77382E-03
2020  5.26612E-06  0.00000E+00 -6.45729E-04  1.66259E-03  3.54970E-03 -3.88387E-01  0.00000E+00  5.77080E-03
2030  5.26345E-06  0.00000E+00 -6.45281E-04  1.66182E-03  3.54640E-03 -3.88297E-01  0.00000E+00  5.76776E-03
2040  5.26078E-06  0.00000E+00 -6.44834E-04  1.66106E-03  3.54317E-03 -3.88206E-01  0.00000E+00  5.76474E-03
2050  5.25810E-06  0.00000E+00 -6.44387E-04  1.66031E-03  3.54005E-03 -3.88114E-01  0.00000E+00  5.76173E-03
2060  5.25544E-06  0.00000E+00 -6.43941E-04  1.65955E-03  3.53702E-03 -3.88022E-01  0.00000E+00  5.75872E-03
2070  5.25277E-06  0.00000E+00 -6.43495E-04  1.65880E-03  3.53406E-03 -3.87929E-01  0.00000E+00  5.75572E-03
2080  5.25277E-06  0.00000E+00 -6.43495E-04  1.65880E-03  3.53069E-03 -3.87929E-01  0.00000E+00  5.75572E-03
2090  5.25011E-06  0.00000E+00 -6.43049E-04  1.65804E-03  3.52790E-03 -3.87837E-01  0.00000E+00  5.75272E-03
2100  5.24744E-06  0.00000E+00 -6.42603E-04  1.65729E-03  3.52521E-03 -3.87743E-01  0.00000E+00  5.74974E-03
2110  5.24478E-06  0.00000E+00 -6.42158E-04  1.65653E-03  3.52259E-03 -3.87652E-01  0.00000E+00  5.74673E-03
2120  5.24212E-06  0.00000E+00 -6.41713E-04  1.65573E-03  3.52003E-03 -3.87571E-01  0.00000E+00  5.74360E-03
2130  5.23946E-06  0.00000E+00 -6.41268E-04  1.65493E-03  3.51755E-03 -3.87490E-01  0.00000E+00  5.74049E-03
2140  5.23680E-06  0.00000E+00 -6.40824E-04  1.65413E-03  3.51513E-03 -3.87409E-01  0.00000E+00  5.73738E-03
2150  5.23414E-06  0.00000E+00 -6.40380E-04  1.65333E-03  3.51277E-03 -3.87328E-01  0.00000E+00  5.73427E-03
2160  5.23149E-06  0.00000E+00 -6.39936E-04  1.65253E-03  3.51048E-03 -3.87247E-01  0.00000E+00  5.73116E-03
2170  5.22883E-06  0.00000E+00 -6.39493E-04  1.65173E-03  3.50825E-03 -3.87166E-01  0.00000E+00  5.72805E-03
2180  5.22618E-06  0.00000E+00 -6.39050E-04  1.65093E-03  3.50606E-03 -3.87085E-01  0.00000E+00  5.72494E-03
2190  5.22353E-06  0.00000E+00 -6.38607E-04  1.65013E-03  3.50394E-03 -3.87004E-01  0.00000E+00  5.72185E-03
2200  5.22088E-06  0.00000E+00 -6.38164E-04  1.64933E-03  3.50188E-03 -3.86923E-01  0.00000E+00  5.71874E-03
2210  5.21823E-06  0.00000E+00 -6.37722E-04  1.64854E-03  3.49986E-03 -3.86842E-01  0.00000E+00  5.71564E-03
2220  5.21823E-06  0.00000E+00 -6.37722E-04  1.64854E-03  3.49735E-03 -3.86842E-01  0.00000E+00  5.71564E-03
2230  5.21558E-06  0.00000E+00 -6.37280E-04  1.64774E-03  3.49544E-03 -3.86761E-01  0.00000E+00  5.71255E-03
2240  5.21293E-06  0.00000E+00 -6.36839E-04  1.64695E-03  3.49357E-03 -3.86679E-01  0.00000E+00  5.70946E-03
2250  5.21029E-06  0.00000E+00 -6.36397E-04  1.64615E-03  3.49174E-03 -3.86597E-01  0.00000E+00  5.70637E-03
2260  5.20764E-06  0.00000E+00 -6.35956E-04  1.64535E-03  3.48994E-03 -3.86517E-01  0.00000E+00  5.70327E-03
2270  5.20500E-06  0.00000E+00 -6.35516E-04  1.64456E-03  3.48818E-03 -3.86435E-01  0.00000E+00  5.70019E-03
2280  5.20236E-06  0.00000E+00 -6.35076E-04  1.64377E-03  3.48647E-03 -3.86354E-01  0.00000E+00  5.69711E-03
2290  5.19972E-06  0.00000E+00 -6.34636E-04  1.64298E-03  3.48480E-03 -3.86272E-01  0.00000E+00  5.69403E-03
2300  5.19708E-06  0.00000E+00 -6.34196E-04  1.64218E-03  3.48316E-03 -3.86191E-01  0.00000E+00  5.69094E-03
2310  5.19708E-06  0.00000E+00 -6.34196E-04  1.64218E-03  3.48102E-03 -3.86191E-01  0.00000E+00  5.69094E-03
2320  5.19181E-06  0.00000E+00 -6.33317E-04  1.64060E-03  3.47995E-03 -3.86027E-01  0.00000E+00  5.68480E-03
2330  5.18917E-06  0.00000E+00 -6.32878E-04  1.63981E-03  3.47839E-03 -3.85945E-01  0.00000E+00  5.68173E-03
2340  5.18654E-06  0.00000E+00 -6.32440E-04  1.63902E-03  3.47686E-03 -3.85864E-01  0.00000E+00  5.67865E-03
2350  5.18654E-06  0.00000E+00 -6.32440E-04  1.63902E-03  3.47486E-03 -3.85864E-01  0.00000E+00  5.67865E-03
2360  5.18391E-06  0.00000E+00 -6.32002E-04  1.63823E-03  3.47340E-03 -3.85782E-01  0.00000E+00  5.67559E-03
2370  5.18128E-06  0.00000E+00 -6.31564E-04  1.63745E-03  3.47196E-03 -3.85699E-01  0.00000E+00  5.67254E-03
2380  5.17865E-06  0.00000E+00 -6.31126E-04  1.63666E-03  3.47054E-03 -3.85619E-01  0.00000E+00  5.66946E-03
2390  5.17602E-06  0.00000E+00 -6.30689E-04  1.63588E-03  3.46913E-03 -3.85536E-01  0.00000E+00  5.66641E-03
2400  5.17340E-06  0.00000E+00 -6.30252E-04  1.63509E-03  3.46776E-03 -3.85454E-01  0.00000E+00  5.66335E-03
2410  5.17077E-06  0.00000E+00 -6.29815E-04  1.63431E-03  3.46641E-03 -3.85372E-01  0.00000E+00  5.66030E-03
2420  5.16815E-06  0.00000E+00 -6.29379E-04  1.63352E-03  3.46509E-03 -3.85289E-01  0.00000E+00  5.65725E-03
2430  5.16552E-06  0.00000E+00 -6.28943E-04  1.63274E-03  3.46379E-03 -3.85207E-01  0.00000E+00  5.65420E-03
2440  5.16290E-06  0.00000E+00 -6.28507E-04  1.63195E-03  3.46251E-03 -3.85125E-01  0.00000E+00  5.65115E-03
2450  5.16028E-06  0.00000E+00 -6.28071E-04  1.63118E-03  3.46123E-03 -3.85042E-01  0.00000E+00  5.64812E-03
2460  5.15767E-06  0.00000E+00 -6.27636E-04  1.63040E-03  3.45997E-03 -3.84959E-01  0.00000E+00  5.64509E-03
2470  5.15505E-06  0.00000E+00 -6.27201E-04  1.62961E-03  3.45873E-03 -3.84877E-01  0.00000E+00  5.64204E-03
2480  5.15243E-06  0.00000E+00 -6.26767E-04  1.62883E-03  3.45751E-03 -3.84795E-01  0.00000E+00  5.63900E-03
2490  5.14982E-06  0.00000E+00 -6.26332E-04  1.62806E-03  3.45631E-03 -3.84711E-01  0.00000E+00  5.63598E-03
2500  5.14721E-06  0.00000E+00 -6.25898E-04  1.62728E-03  3.45512E-03 -3.84628E-01  0.00000E+00  5.63295E-03
2510  5.14459E-06  0.00000E+00 -6.25465E-04  1.62650E-03  3.45395E-03 -3.84546E-01  0.00000E+00  5.62992E-03
2520  5.14198E-06  0.00000E+00 -6.25031E-04  1.62573E-03  3.45279E-03 -3.84463E-01  0.00000E+00  5.62689E-03
2530  5.13937E-06  0.00000E+00 -6.24598E-04  1.62495E-03  3.45166E-03 -3.84380E-01  0.00000E+00  5.62387E-03
2540  5.13677E-06  0.00000E+00 -6.24165E-04  1.62418E-03  3.45053E-03 -3.84296E-01  0.00000E+00  5.62086E-03
2550  5.13155E-06  0.00000E+00 -6.23301E-04  1.62263E-03  3.44992E-03 -3.84129E-01  0.00000E+00  5.61484E-03
2560  5.12895E-06  0.00000E+00 -6.22869E-04  1.62187E-03  3.44879E-03 -3.84044E-01  0.00000E+00  5.61184E-03
2570  5.12635E-06  0.00000E+00 -6.22437E-04  1.62110E-03  3.44768E-03 -3.83961E-01  0.00000E+00  5.60883E-03
2580  5.12375E-06  0.00000E+00 -6.22006E-04  1.62033E-03  3.44657E-03 -3.83877E-01  0.00000E+00  5.60583E-03
2590  5.12115E-06  0.00000E+00 -6.21575E-04  1.61956E-03  3.44548E-03 -3.83793E-01  0.00000E+00  5.60283E-03
2600  5.11855E-06  0.00000E+00 -6.21144E-04  1.61879E-03  3.44440E-03 -3.83708E-01  0.00000E+00  5.59984E-03
2610  5.11595E-06  0.00000E+00 -6.20714E-04  1.61803E-03  3.44332E-03 -3.83624E-01  0.00000E+00  5.59685E-03
2620  5.11335E-06  0.00000E+00 -6.20284E-04  1.61726E-03  3.44225E-03 -3.83539E-01  0.00000E+00  5.59387E-03
2630  5.11076E-06  0.00000E+00 -6.19854E-04  1.61650E-03  3.44118E-03 -3.83455E-01  0.00000E+00  5.59088E-03
2640  5.10817E-06  0.00000E+00 -6.19424E-04  1.61574E-03  3.44012E-03 -3.83369E-01  0.00000E+00  5.58791E-03
2650  5.10557E-06  0.00000E+00 -6.18995E-04  1.61498E-03  3.43906E-03 -3.83283E-01  0.00000E+00  5.58494E-03
2660  5.10298E-06  0.00000E+00 -6.18566E-04  1.61422E-03  3.43802E-03 -3.83199E-01  0.00000E+00  5.58196E-03
2670  5.10039E-06  0.00000E+00 -6.18138E-04  1.61346E-03  3.43697E-03 -3.83113E-01  0.00000E+00  5.57900E-03
2680  5.09781E-06  0.00000E+00 -6.17709E-04  1.61270E-03  3.43593E-03 -3.83027E-01  0.00000E+00  5.57603E-03
2690  5.09522E-06  0.00000E+00 -6.17281E-04  1.61195E-03  3.43489E-03 -3.82941E-01  0.00000E+00  5.57308E-03
2700  5.09263E-06  0.00000E+00 -6.16854E-04  1.61119E-03  3.43385E-03 -3.82856E-01  0.00000E+00  5.57011E-03
2710  5.09005E-06  0.00000E+00 -6.16426E-04  1.61039E-03  3.43281E-03 -3.82780E-01  0.00000E+00  5.56704E-03
2720  5.08747E-06  0.00000E+00 -6.15999E-04  1.60960E-03  3.43177E-03 -3.82703E-01  0.00000E+00  5.56400E-03
2730  5.08489E-06  0.00000E+00 -6.15572E-04  1.60881E-03  3.43074E-03 -3.82627E-01  0.00000E+00  5.56095E-03
2740  5.08230E-06  0.00000E+00 -6.15146E-04  1.60801E-03  3.42971E-03 -3.82550E-01  0.00000E+00  5.55790E-03
2750  5.07973E-06  0.00000E+00 -6.14719E-04  1.60722E-03  3.42867E-03 -3.82473E-01  0.00000E+00  5.55485E-03
2760  5.07715E-06  0.00000E+00 -6.14294E-04  1.60643E-03  3.42764E-03 -3.82398E-01  0.00000E+00  5.55180E-03
2770  5.07457E-06  0.00000E+00 -6.13868E-04  1.60564E-03  3.42661E-03 -3.82320E-01  0.00000E+00  5.54876E-03
2780  5.07200E-06  0.00000E+00 -6.13443E-04  1.60485E-03  3.42557E-03 -3.82244E-01  0.00000E+00  5.54572E-03
2790  5.06942E-06  0.00000E+00 -6.13017E-04  1.60406E-03  3.42454E-03 -3.82167E-01  0.00000E+00  5.54268E-03
2800  5.06685E-06  0.00000E+00 -6.12593E-04  1.60327E-03  3.42350E-03 -3.82091E-01  0.00000E+00  5.53965E-03
2810  5.06428E-06  0.00000E+00 -6.12168E-04  1.60248E-03  3.42246E-03 -3.82014E-01  0.00000E+00  5.53661E-03
2820  5.06171E-06  0.00000E+00 -6.11744E-04  1.60169E-03  3.42142E-03 -3.81937E-01  0.00000E+00  5.53358E-03
2830  5.05914E-06  0.00000E+00 -6.11320E-04  1.60090E-03  3.42038E-03 -3.81861E-01  0.00000E+00  5.53054E-03
2840  5.05657E-06  0.00000E+00 -6.10897E-04  1.60011E-03  3.41934E-03 -3.81784E-01  0.00000E+00  5.52751E-03
2850  5.05401E-06  0.00000E+00 -6.10473E-04  1.59932E-03  3.41829E-03 -3.81707E-01  0.00000E+00  5.52449E-03
2860  5.05144E-06  0.00000E+00 -6.10050E-04  1.59853E-03  3.41725E-03 -3.81631E-01  0.00000E+00  5.52146E-03
2870  5.04888E-06  0.00000E+00 -6.09628E-04  1.59775E-03  3.41620E-03 -3.81554E-01  0.00000E+00  5.51845E-03
2880  5.04632E-06  0.00000E+00 -6.09205E-04  1.59696E-03  3.41516E-03 -3.81477E-01  0.00000E+00  5.51542E-03
2890  5.04376E-06  0.00000E+00 -6.08783E-04  1.59618E-03  3.41410E-03 -3.81400E-01  0.00000E+00  5.51241E-03
2900  5.03864E-06  0.00000E+00 -6.07940E-04  1.59461E-03  3.41355E-03 -3.81247E-01  0.00000E+00  5.50637E-03
2910  5.03608E-06  0.00000E+00 -6.07518E-04  1.59383E-03  3.41248E-03 -3.81169E-01  0.00000E+00  5.50337E-03
2920  5.03608E-06  0.00000E+00 -6.07518E-04  1.59383E-03  3.41092E-03 -3.81169E-01  0.00000E+00  5.50337E-03
2930  5.03353E-06  0.00000E+00 -6.07097E-04  1.59304E-03  3.40986E-03 -3.81093E-01  0.00000E+00  5.50035E-03
2940  5.02842E-06  0.00000E+00 -6.06257E-04  1.59148E-03  3.40930E-03 -3.80939E-01  0.00000E+00  5.49434E-03
2950  5.02587E-06  0.00000E+00 -6.05836E-04  1.59070E-03  3.40822E-03 -3.80861E-01  0.00000E+00  5.49134E-03
2960  5.02587E-06  0.00000E+00 -6.05836E-04  1.59070E-03  3.40665E-03 -3.80861E-01  0.00000E+00  5.49134E-03
2970  5.02332E-06  0.00000E+00 -6.05417E-04  1.58992E-03  3.40557E-03 -3.80783E-01  0.00000E+00  5.48835E-03
2980  5.02077E-06  0.00000E+00 -6.04997E-04  1.58914E-03  3.40450E-03 -3.80706E-01  0.00000E+00  5.48535E-03
2990  5.01822E-06  0.00000E+00 -6.04578E-04  1.58837E-03  3.40342E-03 -3.80629E-01  0.00000E+00  5.48236E-03
3000  5.01568E-06  0.00000E+00 -6.04159E-04  1.58759E-03  3.40234E-03 -3.80552E-01  0.00000E+00  5.47936E-03
3010  5.01313E-06  0.00000E+00 -6.03740E-04  1.58681E-03  3.40126E-03 -3.80475E-01  0.00000E+00  5.47637E-03
3020  5.01059E-06  0.00000E+00 -6.03322E-04  1.58604E-03  3.40017E-03 -3.80396E-01  0.00000E+00  5.47339E-03
3030  5.00804E-06  0.00000E+00 -6.02904E-04  1.58526E-03  3.39908E-03 -3.80320E-01  0.00000E+00  5.47040E-03
3040  5.00550E-06  0.00000E+00 -6.02486E-04  1.58448E-03  3.39798E-03 -3.80242E-01  0.00000E+00  5.46742E-03
3050  5.00296E-06  0.00000E+00 -6.02069E-04  1.58371E-03  3.39688E-03 -3.80164E-01  0.00000E+00  5.46444E-03
3060  5.00042E-06  0.00000E+00 -6.01651E-04  1.58293E-03  3.39578E-03 -3.80087E-01  0.00000E+00  5.46146E-03
3070  4.99789E-06  0.00000E+00 -6.01235E-04  1.58216E-03  3.39467E-03 -3.80008E-01  0.00000E+00  5.45849E-03
3080  4.99535E-06  0.00000E+00 -6.00818E-04  1.58139E-03  3.39356E-03 -3.79931E-01  0.00000E+00  5.45551E-03
3090  4.99281E-06  0.00000E+00 -6.00402E-04  1.58062E-03  3.39245E-03 -3.79853E-01  0.00000E+00  5.45254E-03
3100  4.99028E-06  0.00000E+00 -5.99986E-04  1.57984E-03  3.39133E-03 -3.79775E-01  0.00000E+00  5.44957E-03
3110  4.98775E-06  0.00000E+00 -5.99570E-04  1.57907E-03  3.39021E-03 -3.79697E-01  0.00000E+00  5.44661E-03
3120  4.98522E-06  0.00000E+00 -5.99155E-04  1.57830E-03  3.38908E-03 -3.79619E-01  0.00000E+00  5.44365E-03
3130  4.98269E-06  0.00000E+00 -5.98739E-04  1.57753E-03  3.38796E-03 -3.79541E-01  0.00000E+00  5.44068E-03
3140  4.98016E-06  0.00000E+00 -5.98325E-04  1.57677E-03  3.38683E-03 -3.79463E-01  0.00000E+00  5.43773E-03
3150  4.98016E-06  0.00000E+00 -5.98325E-04  1.57677E-03  3.38521E-03 -3.79463E-01  0.00000E+00  5.43773E-03
3160  4.97763E-06  0.00000E+00 -5.97910E-04  1.57600E-03  3.38408E-03 -3.79384E-01  0.00000E+00  5.43478E-03
3170  4.97511E-06  0.00000E+00 -5.97496E-04  1.57524E-03  3.38296E-03 -3.79306E-01  0.00000E+00  5.43183E-03
3180  4.97258E-06  0.00000E+00 -5.97082E-04  1.57447E-03  3.38184E-03 -3.79228E-01  0.00000E+00  5.42887E-03
3190  4.97006E-06  0.00000E+00 -5.96668E-04  1.57370E-03  3.38071E-03 -3.79150E-01  0.00000E+00  5.42592E-03
3200  4.96754E-06  0.00000E+00 -5.96254E-04  1.57294E-03  3.37958E-03 -3.79070E-01  0.00000E+00  5.42299E-03
3210  4.96754E-06  0.00000E+00 -5.96254E-04  1.57294E-03  3.37797E-03 -3.79070E-01  0.00000E+00  5.42299E-03
3220  4.96502E-06  0.00000E+00 -5.95841E-04  1.57218E-03  3.37686E-03 -3.78991E-01  0.00000E+00  5.42005E-03
3230  4.96250E-06  0.00000E+00 -5.95429E-04  1.57141E-03  3.37575E-03 -3.78913E-01  0.00000E+00  5.41710E-03
3240  4.95998E-06  0.00000E+00 -5.95016E-04  1.57065E-03  3.37464E-03 -3.78834E-01  0.00000E+00  5.41417E-03
3250  4.95746E-06  0.00000E+00 -5.94604E-04  1.56989E-03  3.37354E-03 -3.78754E-01  0.00000E+00  5.41124E-03
3260  4.95746E-06  0.00000E+00 -5.94604E-04  1.56989E-03  3.37195E-03 -3.78754E-01  0.00000E+00  5.41124E-03
3270  4.95494E-06  0.00000E+00 -5.94192E-04  1.56913E-03  3.37085E-03 -3.78675E-01  0.00000E+00  5.40831E-03
3280  4.95243E-06  0.00000E+00 -5.93780E-04  1.56837E-03  3.36977E-03 -3.78596E-01  0.00000E+00  5.40539E-03
3290  4.94992E-06  0.00000E+00 -5.93368E-04  1.56761E-03  3.36868E-03 -3.78517E-01  0.00000E+00  5.40246E-03
3300  4.94992E-06  0.00000E+00 -5.93368E-04  1.56761E-03  3.36712E-03 -3.78517E-01  0.00000E+00  5.40246E-03
3310  4.94740E-06  0.00000E+00 -5.92957E-04  1.56686E-03  3.36605E-03 -3.78437E-01  0.00000E+00  5.39954E-03
3320  4.94489E-06  0.00000E+00 -5.92546E-04  1.56611E-03  3.36498E-03 -3.78357E-01  0.00000E+00  5.39663E-03
3330  4.94489E-06  0.00000E+00 -5.92546E-04  1.56611E-03  3.36343E-03 -3.78357E-01  0.00000E+00  5.39663E-03
3340  4.94238E-06  0.00000E+00 -5.92136E-04  1.56535E-03  3.36238E-03 -3.78277E-01  0.00000E+00  5.39371E-03
3350  4.93988E-06  0.00000E+00 -5.91726E-04  1.56459E-03  3.36133E-03 -3.78198E-01  0.00000E+00  5.39080E-03
3360  4.93988E-06  0.00000E+00 -5.91726E-04  1.56459E-03  3.35980E-03 -3.78198E-01  0.00000E+00  5.39080E-03
3370  4.93737E-06  0.00000E+00 -5.91316E-04  1.56381E-03  3.35876E-03 -3.78125E-01  0.00000E+00  5.38781E-03
3380  4.93486E-06  0.00000E+00 -5.90906E-04  1.56302E-03  3.35772E-03 -3.78053E-01  0.00000E+00  5.38482E-03
3390  4.93486E-06  0.00000E+00 -5.90906E-04  1.56302E-03  3.35620E-03 -3.78053E-01  0.00000E+00  5.38482E-03
3400  4.93236E-06  0.00000E+00 -5.90496E-04  1.56224E-03  3.35518E-03 -3.77981E-01  0.00000E+00  5.38184E-03
3410  4.93236E-06  0.00000E+00 -5.90496E-04  1.56224E-03  3.35367E-03 -3.77981E-01  0.00000E+00  5.38184E-03
3420  4.92986E-06  0.00000E+00 -5.90087E-04  1.56145E-03  3.35266E-03 -3.77910E-01  0.00000E+00  5.37884E-03
3430  4.92986E-06  0.00000E+00 -5.90087E-04  1.56145E-03  3.35117E-03 -3.77910E-01  0.00000E+00  5.37884E-03
3440  4.92736E-06  0.00000E+00 -5.89678E-04  1.56066E-03  3.35018E-03 -3.77839E-01  0.00000E+00  5.37585E-03
3450  4.92736E-06  0.00000E+00 -5.89678E-04  1.56066E-03  3.34870E-03 -3.77839E-01  0.00000E+00  5.37585E-03
3460  4.92485E-06  0.00000E+00 -5.89270E-04  1.55988E-03  3.34771E-03 -3.77766E-01  0.00000E+00  5.37288E-03
3470  4.92485E-06  0.00000E+00 -5.89270E-04  1.55988E-03  3.34625E-03 -3.77765E-01  0.00000E+00  5.37288E-03
3480  4.92236E-06  0.00000E+00 -5.88861E-04  1.55910E-03  3.34528E-03 -3.77693E-01  0.00000E+00  5.36990E-03
3490  4.92236E-06  0.00000E+00 -5.88861E-04  1.55910E-03  3.34383E-03 -3.77693E-01  0.00000E+00  5.36990E-03
3500  4.91986E-06  0.00000E+00 -5.88453E-04  1.55832E-03  3.34287E-03 -3.77621E-01  0.00000E+00  5.36692E-03
3510  4.91986E-06  0.00000E+00 -5.88453E-04  1.55832E-03  3.34144E-03 -3.77621E-01  0.00000E+00  5.36692E-03
3520  4.91736E-06  0.00000E+00 -5.88046E-04  1.55753E-03  3.34050E-03 -3.77549E-01  0.00000E+00  5.36395E-03
3530  4.91736E-06  0.00000E+00 -5.88046E-04  1.55753E-03  3.33908E-03 -3.77549E-01  0.00000E+00  5.36395E-03
3540  4.91487E-06  0.00000E+00 -5.87638E-04  1.55675E-03  3.33816E-03 -3.77477E-01  0.00000E+00  5.36097E-03
3550  4.91487E-06  0.00000E+00 -5.87638E-04  1.55675E-03  3.33677E-03 -3.77477E-01  0.00000E+00  5.36097E-03
3560  4.91487E-06  0.00000E+00 -5.87638E-04  1.55675E-03  3.33538E-03 -3.77477E-01  0.00000E+00  5.36097E-03
3570  4.91237E-06  0.00000E+00 -5.87231E-04  1.55597E-03  3.33450E-03 -3.77404E-01  0.00000E+00  5.35801E-03
3580  4.91237E-06  0.00000E+00 -5.87231E-04  1.55597E-03  3.33313E-03 -3.77404E-01  0.00000E+00  5.35801E-03
3590  4.91237E-06  0.00000E+00 -5.87231E-04  1.55597E-03  3.33179E-03 -3.77404E-01  0.00000E+00  5.35801E-03
3600  4.90988E-06  0.00000E+00 -5.86824E-04  1.55519E-03  3.33094E-03 -3.77333E-01  0.00000E+00  5.35503E-03
3610  4.90988E-06  0.00000E+00 -5.86824E-04  1.55519E-03  3.32961E-03 -3.77333E-01  0.00000E+00  5.35503E-03
3620  4.90739E-06  0.00000E+00 -5.86417E-04  1.55441E-03  3.32877E-03 -3.77261E-01  0.00000E+00  5.35207E-03
3630  4.90739E-06  0.00000E+00 -5.86417E-04  1.55441E-03  3.32746E-03 -3.77261E-01  0.00000E+00  5.35207E-03
3640  4.90739E-06  0.00000E+00 -5.86417E-04  1.55441E-03  3.32616E-03 -3.77261E-01  0.00000E+00  5.35207E-03
3650  4.90490E-06  0.00000E+00 -5.86011E-04  1.55363E-03  3.32536E-03 -3.77189E-01  0.00000E+00  5.34910E-03
3660  4.90490E-06  0.00000E+00 -5.86011E-04  1.55363E-03  3.32409E-03 -3.77189E-01  0.00000E+00  5.34910E-03
3670  4.90490E-06  0.00000E+00 -5.86011E-04  1.55363E-03  3.32283E-03 -3.77189E-01  0.00000E+00  5.34910E-03
3680  4.90490E-06  0.00000E+00 -5.86011E-04  1.55363E-03  3.32159E-03 -3.77189E-01  0.00000E+00  5.34910E-03
3690  4.90241E-06  0.00000E+00 -5.85605E-04  1.55285E-03  3.32085E-03 -3.77115E-01  0.00000E+00  5.34615E-03
3700  4.90241E-06  0.00000E+00 -5.85605E-04  1.55285E-03  3.31963E-03 -3.77115E-01  0.00000E+00  5.34615E-03
3710  4.90241E-06  0.00000E+00 -5.85605E-04  1.55285E-03  3.31843E-03 -3.77115E-01  0.00000E+00  5.34615E-03
3720  4.90241E-06  0.00000E+00 -5.85605E-04  1.55285E-03  3.31725E-03 -3.77115E-01  0.00000E+00  5.34615E-03
3730  4.89992E-06  0.00000E+00 -5.85199E-04  1.55208E-03  3.31656E-03 -3.77043E-01  0.00000E+00  5.34319E-03
3740  4.89992E-06  0.00000E+00 -5.85199E-04  1.55208E-03  3.31541E-03 -3.77043E-01  0.00000E+00  5.34319E-03
3750  4.89992E-06  0.00000E+00 -5.85199E-04  1.55208E-03  3.31427E-03 -3.77043E-01  0.00000E+00  5.34319E-03
3760  4.89992E-06  0.00000E+00 -5.85199E-04  1.55208E-03  3.31316E-03 -3.77043E-01  0.00000E+00  5.34319E-03
3770  4.89743E-06  0.00000E+00 -5.84794E-04  1.55129E-03  3.31253E-03 -3.76972E-01  0.00000E+00  5.34022E-03
3780  4.89743E-06  0.00000E+00 -5.84794E-04  1.55129E-03  3.31143E-03 -3.76972E-01  0.00000E+00  5.34022E-03
3790  4.89743E-06  0.00000E+00 -5.84794E-04  1.55129E-03  3.31035E-03 -3.76972E-01  0.00000E+00  5.34022E-03
3800  4.89743E-06  0.00000E+00 -5.84794E-04  1.55129E-03  3.30929E-03 -3.76972E-01  0.00000E+00  5.34022E-03
3810  4.89743E-06  0.00000E+00 -5.84794E-04  1.55129E-03  3.30825E-03 -3.76972E-01  0.00000E+00  5.34022E-03
3820  4.89495E-06  0.00000E+00 -5.84389E-04  1.55052E-03  3.30771E-03 -3.76899E-01  0.00000E+00  5.33727E-03
3830  4.89495E-06  0.00000E+00 -5.84389E-04  1.55052E-03  3.30670E-03 -3.76899E-01  0.00000E+00  5.33727E-03
3840  4.89495E-06  0.00000E+00 -5.84389E-04  1.55052E-03  3.30570E-03 -3.76899E-01  0.00000E+00  5.33727E-03
3850  4.89495E-06  0.00000E+00 -5.84389E-04  1.55052E-03  3.30473E-03 -3.76899E-01  0.00000E+00  5.33727E-03
3860  4.89495E-06  0.00000E+00 -5.84389E-04  1.55052E-03  3.30378E-03 -3.76899E-01  0.00000E+00  5.33727E-03
3870  4.89246E-06  0.00000E+00 -5.83984E-04  1.54974E-03  3.30332E-03 -3.76826E-01  0.00000E+00  5.33431E-03
3880  4.89246E-06  0.00000E+00 -5.83984E-04  1.54974E-03  3.30240E-03 -3.76827E-01  0.00000E+00  5.33431E-03
3890  4.89246E-06  0.00000E+00 -5.83984E-04  1.54974E-03  3.30149E-03 -3.76827E-01  0.00000E+00  5.33431E-03
3900  4.89247E-06  0.00000E+00 -5.83984E-04  1.54974E-03  3.30061E-03 -3.76827E-01  0.00000E+00  5.33431E-03
3910  4.89247E-06  0.00000E+00 -5.83984E-04  1.54974E-03  3.29973E-03 -3.76826E-01  0.00000E+00  5.33431E-03
3920  4.89247E-06  0.00000E+00 -5.83984E-04  1.54974E-03  3.29887E-03 -3.76826E-01  0.00000E+00  5.33431E-03
3930  4.89247E-06  0.00000E+00 -5.83984E-04  1.54974E-03  3.29803E-03 -3.76826E-01  0.00000E+00  5.33431E-03
3940  4.88998E-06  0.00000E+00 -5.83579E-04  1.54897E-03  3.29768E-03 -3.76754E-01  0.00000E+00  5.33136E-03
3950  4.88998E-06  0.00000E+00 -5.83579E-04  1.54897E-03  3.29687E-03 -3.76754E-01  0.00000E+00  5.33136E-03
3960  4.88998E-06  0.00000E+00 -5.83579E-04  1.54897E-03  3.29608E-03 -3.76754E-01  0.00000E+00  5.33136E-03
3970  4.88998E-06  0.00000E+00 -5.83579E-04  1.54897E-03  3.29531E-03 -3.76754E-01  0.00000E+00  5.33136E-03
3980  4.88998E-06  0.00000E+00 -5.83579E-04  1.54897E-03  3.29455E-03 -3.76754E-01  0.00000E+00  5.33136E-03
3990  4.88998E-06  0.00000E+00 -5.83579E-04  1.54897E-03  3.29381E-03 -3.76754E-01  0.00000E+00  5.33136E-03
4000  4.88998E-06  0.00000E+00 -5.83579E-04  1.54897E-03  3.29309E-03 -3.76754E-01  0.00000E+00  5.33136E-03
