 150  9.45402E-01  9.45402E-01  1.05775E+00
 160  9.38221E-01  9.38221E-01  1.06585E+00
 170  9.32386E-01  9.32386E-01  1.07252E+00
 180  9.27231E-01  9.27231E-01  1.07848E+00
 190  9.22103E-01  9.22103E-01  1.08448E+00
 200  9.17640E-01  9.17640E-01  1.08975E+00
 210  9.13198E-01  9.13198E-01  1.09505E+00
 220  9.09408E-01  9.09408E-01  1.09962E+00
 230  9.05634E-01  9.05634E-01  1.10420E+00
 240  9.02501E-01  9.02501E-01  1.10803E+00
 250  9.00002E-01  9.00002E-01  1.11111E+00
 260  8.96888E-01  8.96888E-01  1.11497E+00
 270  8.93785E-01  8.93785E-01  1.11884E+00
 280  8.91311E-01  8.91311E-01  1.12194E+00
 290  8.88843E-01  8.88843E-01  1.12506E+00
 300  8.85768E-01  8.85768E-01  1.12896E+00
 310  8.83315E-01  8.83315E-01  1.13210E+00
 320  8.80259E-01  8.80259E-01  1.13603E+00
 330  8.76606E-01  8.76606E-01  1.14076E+00
 340  8.73573E-01  8.73573E-01  1.14472E+00
 350  8.70551E-01  8.70551E-01  1.14870E+00
 360  8.67539E-01  8.67539E-01  1.15269E+00
 370  8.63938E-01  8.63938E-01  1.15749E+00
 380  8.60353E-01  8.60353E-01  1.16231E+00
 390  8.56782E-01  8.56782E-01  1.16716E+00
 400  8.52635E-01  8.52635E-01  1.17283E+00
 410  8.48508E-01  8.48508E-01  1.17854E+00
 420  8.43816E-01  8.43816E-01  1.18509E+00
 430  8.39150E-01  8.39150E-01  1.19168E+00
 440  8.34509E-01  8.34509E-01  1.19831E+00
 450  8.28745E-01  8.28745E-01  1.20664E+00
 460  8.22450E-01  8.22450E-01  1.21588E+00
 470  8.16203E-01  8.16203E-01  1.22519E+00
 480  8.09442E-01  8.09442E-01  1.23542E+00
 490  8.02181E-01  8.02181E-01  1.24660E+00
 500  7.94985E-01  7.94985E-01  1.25788E+00
 510  7.87308E-01  7.87308E-01  1.27015E+00
 520  7.79165E-01  7.79165E-01  1.28343E+00
 530  7.71105E-01  7.71105E-01  1.29684E+00
 540  7.61544E-01  7.61544E-01  1.31312E+00
 550  7.51581E-01  7.51581E-01  1.33053E+00
 560  7.42776E-01  7.42776E-01  1.34630E+00
 570  7.34075E-01  7.34075E-01  1.36226E+00
 580  7.24973E-01  7.24973E-01  1.37936E+00
 590  7.15984E-01  7.15984E-01  1.39668E+00
 600  7.06617E-01  7.06617E-01  1.41519E+00
 610  6.96889E-01  6.96889E-01  1.43495E+00
 620  6.87294E-01  6.87294E-01  1.45498E+00
 630  6.77832E-01  6.77832E-01  1.47529E+00
 640  6.68964E-01  6.68964E-01  1.49485E+00
 650  6.59297E-01  6.59297E-01  1.51677E+00
 660  6.49769E-01  6.49769E-01  1.53901E+00
 670  6.39936E-01  6.39936E-01  1.56266E+00
 680  6.30252E-01  6.30252E-01  1.58667E+00
 690  6.20284E-01  6.20284E-01  1.61217E+00
 700  6.10897E-01  6.10897E-01  1.63694E+00
 710  6.01235E-01  6.01235E-01  1.66324E+00
 720  5.92136E-01  5.92136E-01  1.68880E+00
 730  5.82771E-01  5.82771E-01  1.71594E+00
 740  5.72362E-01  5.72362E-01  1.74715E+00
 750  5.62139E-01  5.62139E-01  1.77892E+00
 760  5.53249E-01  5.53249E-01  1.80751E+00
 770  5.44121E-01  5.44121E-01  1.83783E+00
 780  5.35515E-01  5.35515E-01  1.86736E+00
 790  5.27046E-01  5.27046E-01  1.89737E+00
 800  5.18710E-01  5.18710E-01  1.92786E+00
 810  5.10860E-01  5.10860E-01  1.95748E+00
 820  5.02780E-01  5.02780E-01  1.98894E+00
 830  4.95858E-01  4.95858E-01  2.01670E+00
 840  4.88693E-01  4.88693E-01  2.04627E+00
 850  4.81965E-01  4.81965E-01  2.07484E+00
 860  4.75330E-01  4.75330E-01  2.10380E+00
 870  4.69111E-01  4.69111E-01  2.13169E+00
 880  4.62652E-01  4.62652E-01  2.16145E+00
 890  4.56916E-01  4.56916E-01  2.18859E+00
 900  4.51250E-01  4.51250E-01  2.21606E+00
 910  4.45964E-01  4.45964E-01  2.24233E+00
 920  4.40129E-01  4.40129E-01  2.27206E+00
 930  4.34371E-01  4.34371E-01  2.30218E+00
 940  4.29580E-01  4.29580E-01  2.32785E+00
 950  4.25432E-01  4.25432E-01  2.35055E+00
 960  4.21032E-01  4.21032E-01  2.37512E+00
 970  4.17255E-01  4.17255E-01  2.39662E+00
 980  4.13512E-01  4.13512E-01  2.41831E+00
 990  4.09802E-01  4.09802E-01  2.44020E+00
1000  4.06408E-01  4.06408E-01  2.46058E+00
1010  4.02762E-01  4.02762E-01  2.48286E+00
1020  3.99703E-01  3.99703E-01  2.50186E+00
1030  3.96942E-01  3.96942E-01  2.51926E+00
1040  3.94200E-01  3.94200E-01  2.53678E+00
1050  3.91477E-01  3.91477E-01  2.55443E+00
1060  3.89043E-01  3.89043E-01  2.57041E+00
1070  3.86623E-01  3.86623E-01  2.58650E+00
1080  3.84219E-01  3.84219E-01  2.60268E+00
1090  3.82359E-01  3.82359E-01  2.61534E+00
1100  3.80245E-01  3.80245E-01  2.62989E+00
1110  3.78404E-01  3.78404E-01  2.64268E+00
1120  3.76573E-01  3.76573E-01  2.65553E+00
1130  3.74750E-01  3.74750E-01  2.66845E+00
1140  3.73195E-01  3.73195E-01  2.67957E+00
1150  3.71646E-01  3.71646E-01  2.69073E+00
1160  3.70103E-01  3.70103E-01  2.70195E+00
1170  3.68312E-01  3.68312E-01  2.71509E+00
1180  3.67038E-01  3.67038E-01  2.72452E+00
1190  3.65514E-01  3.65514E-01  2.73587E+00
1200  3.64250E-01  3.64250E-01  2.74537E+00
1210  3.62990E-01  3.62990E-01  2.75490E+00
1220  3.61734E-01  3.61734E-01  2.76446E+00
1230  3.60732E-01  3.60732E-01  2.77214E+00
1240  3.59484E-01  3.59484E-01  2.78176E+00
1250  3.58240E-01  3.58240E-01  2.79142E+00
1260  3.57249E-01  3.57249E-01  2.79917E+00
1270  3.56259E-01  3.56259E-01  2.80694E+00
1280  3.55273E-01  3.55273E-01  2.81474E+00
1290  3.54289E-01  3.54289E-01  2.82255E+00
1300  3.53308E-01  3.53308E-01  2.83039E+00
1310  3.52574E-01  3.52574E-01  2.83628E+00
1320  3.51598E-01  3.51598E-01  2.84415E+00
1330  3.50868E-01  3.50868E-01  2.85008E+00
1340  3.49896E-01  3.49896E-01  2.85799E+00
1350  3.49170E-01  3.49170E-01  2.86394E+00
1360  3.48444E-01  3.48444E-01  2.86990E+00
1370  3.47721E-01  3.47721E-01  2.87587E+00
1380  3.46998E-01  3.46998E-01  2.88186E+00
1390  3.46277E-01  3.46277E-01  2.88786E+00
1400  3.45319E-01  3.45319E-01  2.89588E+00
1410  3.44840E-01  3.44840E-01  2.89989E+00
1420  3.44124E-01  3.44124E-01  2.90593E+00
1430  3.43409E-01  3.43409E-01  2.91198E+00
1440  3.42933E-01  3.42933E-01  2.91602E+00
1450  3.42221E-01  3.42221E-01  2.92209E+00
1460  3.41510E-01  3.41510E-01  2.92817E+00
1470  3.41037E-01  3.41037E-01  2.93223E+00
1480  3.40564E-01  3.40564E-01  2.93630E+00
1490  3.39857E-01  3.39857E-01  2.94241E+00
1500  3.39386E-01  3.39386E-01  2.94650E+00
1510  3.38916E-01  3.38916E-01  2.95058E+00
1520  3.38447E-01  3.38447E-01  2.95468E+00
1530  3.37978E-01  3.37978E-01  2.95877E+00
1540  3.37509E-01  3.37509E-01  2.96288E+00
1550  3.37042E-01  3.37042E-01  2.96699E+00
1560  3.36575E-01  3.36575E-01  2.97111E+00
1570  3.36109E-01  3.36109E-01  2.97523E+00
1580  3.35643E-01  3.35643E-01  2.97936E+00
1590  3.35411E-01  3.35411E-01  2.98142E+00
1600  3.34946E-01  3.34946E-01  2.98556E+00
1610  3.34482E-01  3.34482E-01  2.98970E+00
1620  3.34019E-01  3.34019E-01  2.99385E+00
1630  3.33787E-01  3.33787E-01  2.99592E+00
1640  3.33325E-01  3.33325E-01  3.00008E+00
1650  3.32863E-01  3.32863E-01  3.00424E+00
1660  3.32632E-01  3.32632E-01  3.00632E+00
1670  3.32171E-01  3.32171E-01  3.01049E+00
1680  3.31941E-01  3.31941E-01  3.01258E+00
1690  3.31711E-01  3.31711E-01  3.01467E+00
1700  3.31252E-01  3.31252E-01  3.01885E+00
1710  3.31022E-01  3.31022E-01  3.02095E+00
1720  3.30564E-01  3.30564E-01  3.02514E+00
1730  3.30335E-01  3.30335E-01  3.02723E+00
1740  3.29877E-01  3.29877E-01  3.03143E+00
1750  3.29648E-01  3.29648E-01  3.03354E+00
1760  3.29420E-01  3.29420E-01  3.03564E+00
1770  3.28964E-01  3.28964E-01  3.03985E+00
1780  3.28736E-01  3.28736E-01  3.04196E+00
1790  3.28508E-01  3.28508E-01  3.04407E+00
1800  3.28053E-01  3.28053E-01  3.04829E+00
1810  3.27826E-01  3.27826E-01  3.05040E+00
1820  3.27598E-01  3.27598E-01  3.05252E+00
1830  3.27371E-01  3.27371E-01  3.05464E+00
1840  3.26918E-01  3.26918E-01  3.05887E+00
1850  3.26691E-01  3.26691E-01  3.06099E+00
1860  3.26465E-01  3.26465E-01  3.06312E+00
1870  3.26239E-01  3.26239E-01  3.06524E+00
1880  3.26013E-01  3.26013E-01  3.06737E+00
1890  3.25787E-01  3.25787E-01  3.06949E+00
1900  3.25561E-01  3.25561E-01  3.07162E+00
1910  3.25335E-01  3.25335E-01  3.07375E+00
1920  3.25110E-01  3.25110E-01  3.07588E+00
1930  3.24885E-01  3.24885E-01  3.07801E+00
1940  3.24660E-01  3.24660E-01  3.08015E+00
1950  3.24435E-01  3.24435E-01  3.08228E+00
1960  3.24210E-01  3.24210E-01  3.08442E+00
1970  3.23985E-01  3.23985E-01  3.08656E+00
1980  3.23761E-01  3.23761E-01  3.08870E+00
1990  3.23536E-01  3.23536E-01  3.09084E+00
2000  3.23312E-01  3.23312E-01  3.09299E+00
2010  3.23088E-01  3.23088E-01  3.09513E+00
2020  3.22864E-01  3.22864E-01  3.09728E+00
2030  3.22641E-01  3.22641E-01  3.09942E+00
2040  3.22417E-01  3.22417E-01  3.10157E+00
2050  3.22194E-01  3.22194E-01  3.10372E+00
2060  3.21970E-01  3.21970E-01  3.10588E+00
2070  3.21747E-01  3.21747E-01  3.10803E+00
2080  3.21747E-01  3.21747E-01  3.10803E+00
2090  3.21524E-01  3.21524E-01  3.11018E+00
2100  3.21302E-01  3.21302E-01  3.11234E+00
2110  3.21079E-01  3.21079E-01  3.11450E+00
2120  3.20856E-01  3.20856E-01  3.11666E+00
2130  3.20634E-01  3.20634E-01  3.11882E+00
2140  3.20412E-01  3.20412E-01  3.12098E+00
2150  3.20190E-01  3.20190E-01  3.12315E+00
2160  3.19968E-01  3.19968E-01  3.12531E+00
2170  3.19746E-01  3.19746E-01  3.12748E+00
2180  3.19525E-01  3.19525E-01  3.12965E+00
2190  3.19303E-01  3.19303E-01  3.13182E+00
2200  3.19082E-01  3.19082E-01  3.13399E+00
2210  3.18861E-01  3.18861E-01  3.13616E+00
2220  3.18861E-01  3.18861E-01  3.13616E+00
2230  3.18640E-01  3.18640E-01  3.13834E+00
2240  3.18419E-01  3.18419E-01  3.14051E+00
2250  3.18199E-01  3.18199E-01  3.14269E+00
2260  3.17978E-01  3.17978E-01  3.14487E+00
2270  3.17758E-01  3.17758E-01  3.14705E+00
2280  3.17538E-01  3.17538E-01  3.14923E+00
2290  3.17318E-01  3.17318E-01  3.15142E+00
2300  3.17098E-01  3.17098E-01  3.15360E+00
2310  3.17098E-01  3.17098E-01  3.15360E+00
2320  3.16659E-01  3.16659E-01  3.15798E+00
2330  3.16439E-01  3.16439E-01  3.16017E+00
2340  3.16220E-01  3.16220E-01  3.16236E+00
2350  3.16220E-01  3.16220E-01  3.16236E+00
2360  3.16001E-01  3.16001E-01  3.16455E+00
2370  3.15782E-01  3.15782E-01  3.16674E+00
2380  3.15563E-01  3.15563E-01  3.16894E+00
2390  3.15344E-01  3.15344E-01  3.17114E+00
2400  3.15126E-01  3.15126E-01  3.17334E+00
2410  3.14907E-01  3.14907E-01  3.17554E+00
2420  3.14689E-01  3.14689E-01  3.17774E+00
2430  3.14471E-01  3.14471E-01  3.17994E+00
2440  3.14253E-01  3.14253E-01  3.18215E+00
2450  3.14036E-01  3.14036E-01  3.18435E+00
2460  3.13818E-01  3.13818E-01  3.18656E+00
2470  3.13601E-01  3.13601E-01  3.18877E+00
2480  3.13383E-01  3.13383E-01  3.19098E+00
2490  3.13166E-01  3.13166E-01  3.19319E+00
2500  3.12949E-01  3.12949E-01  3.19541E+00
2510  3.12732E-01  3.12732E-01  3.19762E+00
2520  3.12516E-01  3.12516E-01  3.19984E+00
2530  3.12299E-01  3.12299E-01  3.20206E+00
2540  3.12083E-01  3.12083E-01  3.20428E+00
2550  3.11650E-01  3.11650E-01  3.20872E+00
2560  3.11434E-01  3.11434E-01  3.21095E+00
2570  3.11219E-01  3.11219E-01  3.21318E+00
2580  3.11003E-01  3.11003E-01  3.21540E+00
2590  3.10787E-01  3.10787E-01  3.21763E+00
2600  3.10572E-01  3.10572E-01  3.21986E+00
2610  3.10357E-01  3.10357E-01  3.22210E+00
2620  3.10142E-01  3.10142E-01  3.22433E+00
2630  3.09927E-01  3.09927E-01  3.22657E+00
2640  3.09712E-01  3.09712E-01  3.22880E+00
2650  3.09498E-01  3.09498E-01  3.23104E+00
2660  3.09283E-01  3.09283E-01  3.23328E+00
2670  3.09069E-01  3.09069E-01  3.23553E+00
2680  3.08855E-01  3.08855E-01  3.23777E+00
2690  3.08641E-01  3.08641E-01  3.24001E+00
2700  3.08427E-01  3.08427E-01  3.24226E+00
2710  3.08213E-01  3.08213E-01  3.24451E+00
2720  3.08000E-01  3.08000E-01  3.24676E+00
2730  3.07786E-01  3.07786E-01  3.24901E+00
2740  3.07573E-01  3.07573E-01  3.25126E+00
2750  3.07360E-01  3.07360E-01  3.25352E+00
2760  3.07147E-01  3.07147E-01  3.25577E+00
2770  3.06934E-01  3.06934E-01  3.25803E+00
2780  3.06721E-01  3.06721E-01  3.26029E+00
2790  3.06509E-01  3.06509E-01  3.26255E+00
2800  3.06296E-01  3.06296E-01  3.26481E+00
2810  3.06084E-01  3.06084E-01  3.26708E+00
2820  3.05872E-01  3.05872E-01  3.26934E+00
2830  3.05660E-01  3.05660E-01  3.27161E+00
2840  3.05448E-01  3.05448E-01  3.27388E+00
2850  3.05237E-01  3.05237E-01  3.27615E+00
2860  3.05025E-01  3.05025E-01  3.27842E+00
2870  3.04814E-01  3.04814E-01  3.28069E+00
2880  3.04603E-01  3.04603E-01  3.28297E+00
2890  3.04392E-01  3.04392E-01  3.28524E+00
2900  3.03970E-01  3.03970E-01  3.28980E+00
2910  3.03759E-01  3.03759E-01  3.29208E+00
2920  3.03759E-01  3.03759E-01  3.29208E+00
2930  3.03549E-01  3.03549E-01  3.29436E+00
2940  3.03128E-01  3.03128E-01  3.29893E+00
2950  3.02918E-01  3.02918E-01  3.30122E+00
2960  3.02918E-01  3.02918E-01  3.30122E+00
2970  3.02708E-01  3.02708E-01  3.30351E+00
2980  3.02499E-01  3.02499E-01  3.30580E+00
2990  3.02289E-01  3.02289E-01  3.30809E+00
3000  3.02079E-01  3.02079E-01  3.31039E+00
3010  3.01870E-01  3.01870E-01  3.31268E+00
3020  3.01661E-01  3.01661E-01  3.31498E+00
3030  3.01452E-01  3.01452E-01  3.31728E+00
3040  3.01243E-01  3.01243E-01  3.31958E+00
3050  3.01034E-01  3.01034E-01  3.32188E+00
3060  3.00826E-01  3.00826E-01  3.32418E+00
3070  3.00617E-01  3.00617E-01  3.32649E+00
3080  3.00409E-01  3.00409E-01  3.32879E+00
3090  3.00201E-01  3.00201E-01  3.33110E+00
3100  2.99993E-01  2.99993E-01  3.33341E+00
3110  2.99785E-01  2.99785E-01  3.33572E+00
3120  2.99577E-01  2.99577E-01  3.33804E+00
3130  2.99370E-01  2.99370E-01  3.34035E+00
3140  2.99162E-01  2.99162E-01  3.34267E+00
3150  2.99162E-01  2.99162E-01  3.34267E+00
3160  2.98955E-01  2.98955E-01  3.34499E+00
3170  2.98748E-01  2.98748E-01  3.34731E+00
3180  2.98541E-01  2.98541E-01  3.34963E+00
3190  2.98334E-01  2.98334E-01  3.35195E+00
3200  2.98127E-01  2.98127E-01  3.35427E+00
3210  2.98127E-01  2.98127E-01  3.35427E+00
3220  2.97921E-01  2.97921E-01  3.35660E+00
3230  2.97714E-01  2.97714E-01  3.35893E+00
3240  2.97508E-01  2.97508E-01  3.36125E+00
3250  2.97302E-01  2.97302E-01  3.36359E+00
3260  2.97302E-01  2.97302E-01  3.36359E+00
3270  2.97096E-01  2.97096E-01  3.36592E+00
3280  2.96890E-01  2.96890E-01  3.36825E+00
3290  2.96684E-01  2.96684E-01  3.37059E+00
3300  2.96684E-01  2.96684E-01  3.37059E+00
3310  2.96479E-01  2.96479E-01  3.37292E+00
3320  2.96273E-01  2.96273E-01  3.37526E+00
3330  2.96273E-01  2.96273E-01  3.37526E+00
3340  2.96068E-01  2.96068E-01  3.37760E+00
3350  2.95863E-01  2.95863E-01  3.37995E+00
3360  2.95863E-01  2.95863E-01  3.37995E+00
3370  2.95658E-01  2.95658E-01  3.38229E+00
3380  2.95453E-01  2.95453E-01  3.38463E+00
3390  2.95453E-01  2.95453E-01  3.38463E+00
3400  2.95248E-01  2.95248E-01  3.38698E+00
3410  2.95248E-01  2.95248E-01  3.38698E+00
3420  2.95044E-01  2.95044E-01  3.38933E+00
3430  2.95044E-01  2.95044E-01  3.38933E+00
3440  2.94839E-01  2.94839E-01  3.39168E+00
3450  2.94839E-01  2.94839E-01  3.39168E+00
3460  2.94635E-01  2.94635E-01  3.39403E+00
3470  2.94635E-01  2.94635E-01  3.39403E+00
3480  2.94431E-01  2.94431E-01  3.39638E+00
3490  2.94431E-01  2.94431E-01  3.39638E+00
3500  2.94227E-01  2.94227E-01  3.39874E+00
3510  2.94227E-01  2.94227E-01  3.39874E+00
3520  2.94023E-01  2.94023E-01  3.40110E+00
3530  2.94023E-01  2.94023E-01  3.40110E+00
3540  2.93819E-01  2.93819E-01  3.40345E+00
3550  2.93819E-01  2.93819E-01  3.40345E+00
3560  2.93819E-01  2.93819E-01  3.40345E+00
3570  2.93615E-01  2.93615E-01  3.40581E+00
3580  2.93615E-01  2.93615E-01  3.40581E+00
3590  2.93615E-01  2.93615E-01  3.40581E+00
3600  2.93412E-01  2.93412E-01  3.40818E+00
3610  2.93412E-01  2.93412E-01  3.40818E+00
3620  2.93209E-01  2.93209E-01  3.41054E+00
3630  2.93209E-01  2.93209E-01  3.41054E+00
3640  2.93209E-01  2.93209E-01  3.41054E+00
3650  2.93006E-01  2.93006E-01  3.41290E+00
3660  2.93006E-01  2.93006E-01  3.41290E+00
3670  2.93006E-01  2.93006E-01  3.41290E+00
3680  2.93006E-01  2.93006E-01  3.41290E+00
3690  2.92803E-01  2.92803E-01  3.41527E+00
3700  2.92803E-01  2.92803E-01  3.41527E+00
3710  2.92803E-01  2.92803E-01  3.41527E+00
3720  2.92803E-01  2.92803E-01  3.41527E+00
3730  2.92600E-01  2.92600E-01  3.41764E+00
3740  2.92600E-01  2.92600E-01  3.41764E+00
3750  2.92600E-01  2.92600E-01  3.41764E+00
3760  2.92600E-01  2.92600E-01  3.41764E+00
3770  2.92397E-01  2.92397E-01  3.42001E+00
3780  2.92397E-01  2.92397E-01  3.42001E+00
3790  2.92397E-01  2.92397E-01  3.42001E+00
3800  2.92397E-01  2.92397E-01  3.42001E+00
3810  2.92397E-01  2.92397E-01  3.42001E+00
3820  2.92194E-01  2.92194E-01  3.42238E+00
3830  2.92194E-01  2.92194E-01  3.42238E+00
3840  2.92194E-01  2.92194E-01  3.42238E+00
3850  2.92194E-01  2.92194E-01  3.42238E+00
3860  2.92194E-01  2.92194E-01  3.42238E+00
3870  2.91992E-01  2.91992E-01  3.42475E+00
3880  2.91992E-01  2.91992E-01  3.42475E+00
3890  2.91992E-01  2.91992E-01  3.42475E+00
3900  2.91992E-01  2.91992E-01  3.42475E+00
3910  2.91992E-01  2.91992E-01  3.42475E+00
3920  2.91992E-01  2.91992E-01  3.42475E+00
3930  2.91992E-01  2.91992E-01  3.42475E+00
3940  2.91790E-01  2.91790E-01  3.42713E+00
3950  2.91790E-01  2.91790E-01  3.42713E+00
3960  2.91790E-01  2.91790E-01  3.42713E+00
3970  2.91790E-01  2.91790E-01  3.42713E+00
3980  2.91790E-01  2.91790E-01  3.42713E+00
3990  2.91790E-01  2.91790E-01  3.42713E+00
4000  2.91790E-01  2.91790E-01  3.42713E+00
