 150  5.76268E-01  5.65162E-06  4.04505E+05  4.02479E-03  8.87211E+13  4.63261E+00  1.68471E-03  3.54306E+09  1.07519E+16  1.15833E+00  5.12009E-03  0.00000E+00  0.00000E+00  0.00000E+00
 160  5.68379E-01  1.54585E-05  4.28633E+05  5.61604E-03  2.63718E+12  4.59800E+00  4.63247E-03  2.10949E+08  3.19656E+14  1.15254E+00  8.04958E-03  1.13032E-05  8.09011E+05  7.08611E+09
 170  5.56257E-01  2.39268E-05  2.78031E+04  7.36247E-03  7.87513E+10  4.57017E+00  7.20144E-03  9.45263E+06  9.56885E+12  1.13676E+00  1.12321E-02  3.09171E-05  8.57266E+05  4.21898E+08
 180  5.40099E-01  3.21462E-05  8.69524E+02  9.25628E-03  2.35092E+09  4.54585E+00  9.71280E-03  3.76877E+05  2.85704E+11  1.11251E+00  1.47249E-02  4.78536E-05  5.56061E+04  1.89053E+07
 190  5.20191E-01  3.99564E-05  2.61020E+01  1.11347E-02  7.02866E+07  4.52202E+00  1.21187E-02  1.41059E+04  8.54356E+09  1.08020E+00  1.85126E-02  6.42924E-05  1.73905E+03  7.53753E+05
 200  4.96505E-01  4.79582E-05  7.81922E-01  1.31056E-02  2.10456E+06  4.50122E+00  1.45944E-02  5.07503E+02  2.55897E+08  1.04038E+00  2.22694E-02  7.99128E-05  5.22039E+01  2.82117E+04
 210  4.69067E-01  5.61485E-05  2.34787E-02  1.51447E-02  6.29879E+04  4.47853E+00  1.71418E-02  1.77827E+01  7.69628E+06  9.93011E-01  2.62113E-02  9.59164E-05  1.56384E+00  1.01501E+03
 220  4.38358E-01  6.35596E-05  7.22978E-04  1.69932E-02  1.71027E+03  4.38158E+00  1.94162E-02  6.11064E-01  2.31199E+05  9.38133E-01  3.02893E-02  1.12297E-04  4.69574E-02  3.55654E+01
 230  4.06342E-01  6.71187E-05  9.65689E-05  1.78450E-02  2.85550E+01  2.09965E+00  2.05496E-02  2.06937E-02  6.95355E+03  8.76715E-01  3.39863E-02  1.27119E-04  1.44596E-03  1.22213E+00
 240  3.73339E-01  7.02020E-05  8.93698E-05  1.86060E-02  4.03997E+00  4.39593E-01  2.15393E-02  6.93239E-04  2.10013E+02  8.12684E-01  3.56900E-02  1.34237E-04  1.93138E-04  4.13874E-02
 250  3.39416E-01  7.33164E-05  9.15286E-05  1.93825E-02  2.98680E+00  3.51003E-01  2.25324E-02  2.32686E-05  6.44598E+00  7.46679E-01  3.72121E-02  1.40404E-04  1.78740E-04  1.38648E-03
 260  3.04739E-01  7.65058E-05  9.36774E-05  2.01741E-02  2.93433E+00  3.47771E-01  2.35620E-02  1.04429E-06  3.10245E-01  6.78831E-01  3.87649E-02  1.46633E-04  1.83057E-04  4.65372E-05
 270  2.69504E-01  7.97388E-05  9.52992E-05  2.09759E-02  2.90776E+00  3.46575E-01  2.46079E-02  3.22295E-07  1.27058E-01  6.09479E-01  4.03482E-02  1.53012E-04  1.87355E-04  2.08859E-06
 280  2.34003E-01  8.29713E-05  9.61226E-05  2.17809E-02  2.87287E+00  3.44815E-01  2.56457E-02  3.08848E-07  1.23394E-01  5.39009E-01  4.19518E-02  1.59478E-04  1.90598E-04  6.44590E-07
 290  1.98705E-01  8.61811E-05  9.56833E-05  2.25795E-02  2.82548E+00  3.41834E-01  2.66784E-02  3.18421E-07  1.24921E-01  4.68006E-01  4.35618E-02  1.65943E-04  1.92245E-04  6.17696E-07
 300  1.64358E-01  8.93171E-05  9.32664E-05  2.33536E-02  2.76037E+00  3.36810E-01  2.77030E-02  3.28233E-07  1.26275E-01  3.97409E-01  4.51591E-02  1.72362E-04  1.91367E-04  6.36842E-07
 310  1.32048E-01  9.22405E-05  8.78921E-05  2.40764E-02  2.66684E+00  3.28932E-01  2.86518E-02  3.37356E-07  1.27235E-01  3.28717E-01  4.67072E-02  1.78634E-04  1.86533E-04  6.56465E-07
 320  1.03374E-01  9.48038E-05  7.82137E-05  2.47008E-02  2.53728E+00  3.16411E-01  2.95058E-02  3.44966E-07  1.27572E-01  2.64097E-01  4.81529E-02  1.84481E-04  1.75784E-04  6.74713E-07
 330  8.02085E-02  9.67189E-05  6.34752E-05  2.51521E-02  2.37151E+00  2.97740E-01  3.01766E-02  3.50052E-07  1.27000E-01  2.06747E-01  4.94017E-02  1.89608E-04  1.56427E-04  6.89931E-07
 340  6.38014E-02  9.75697E-05  4.53083E-05  2.53344E-02  2.19310E+00  2.73072E-01  3.05072E-02  3.51513E-07  1.25224E-01  1.60417E-01  5.03042E-02  1.93438E-04  1.26950E-04  7.00105E-07
 350  5.37730E-02  9.68311E-05  2.81021E-05  2.51096E-02  2.05148E+00  2.46256E-01  3.03770E-02  3.47482E-07  1.21919E-01  1.27603E-01  5.06689E-02  1.95139E-04  9.06166E-05  7.03026E-07
 360  4.84154E-02  9.18552E-05  1.54593E-05  2.37938E-02  1.97047E+00  2.39695E-01  2.89237E-02  3.28994E-07  1.14503E-01  1.07546E-01  5.02191E-02  1.93662E-04  5.62042E-05  6.94963E-07
 370  4.57320E-02  8.43774E-05  8.18509E-06  2.18614E-02  1.93267E+00  2.36396E-01  2.66700E-02  3.01457E-07  1.04257E-01  9.68308E-02  4.75876E-02  1.83710E-04  3.09185E-05  6.57988E-07
 380  4.43970E-02  7.60733E-05  4.48022E-06  1.97441E-02  1.91135E+00  2.34266E-01  2.41259E-02  2.70950E-07  9.30393E-02  9.14640E-02  4.37228E-02  1.68755E-04  1.63702E-05  6.02915E-07
 390  4.37168E-02  6.79166E-05  2.66033E-06  1.76835E-02  1.89630E+00  2.32666E-01  2.16030E-02  2.41011E-07  8.20183E-02  8.87941E-02  3.94882E-02  1.52147E-04  8.96044E-06  5.41899E-07
 400  4.33564E-02  6.03159E-05  1.70727E-06  1.57755E-02  1.88551E+00  2.31323E-01  1.92468E-02  2.13070E-07  7.17349E-02  8.74336E-02  3.53670E-02  1.35833E-04  5.32066E-06  4.82022E-07
 410  4.31568E-02  5.33671E-05  1.11600E-06  1.40462E-02  1.87758E+00  2.30190E-01  1.70812E-02  1.87619E-07  6.23956E-02  8.67128E-02  3.15510E-02  1.20632E-04  3.41454E-06  4.26139E-07
 420  4.30409E-02  4.71057E-05  7.74302E-07  1.25017E-02  1.87187E+00  2.29158E-01  1.51276E-02  1.64702E-07  5.40324E-02  8.63136E-02  2.80923E-02  1.06734E-04  2.23201E-06  3.75238E-07
 430  4.29704E-02  4.14864E-05  5.66531E-07  1.11337E-02  1.86703E+00  2.28206E-01  1.33662E-02  1.44241E-07  4.66225E-02  8.60818E-02  2.50033E-02  9.42114E-05  1.54860E-06  3.29404E-07
 440  4.29256E-02  3.64532E-05  4.33836E-07  9.92905E-03  1.86304E+00  2.27331E-01  1.17813E-02  1.26018E-07  4.00874E-02  8.59408E-02  2.22674E-02  8.29729E-05  1.13306E-06  2.88483E-07
 450  4.28961E-02  3.19546E-05  3.45219E-07  8.87284E-03  1.86141E+00  2.26475E-01  1.03683E-02  1.09728E-07  3.43242E-02  8.58513E-02  1.98581E-02  7.29064E-05  8.67671E-07  2.52036E-07
 460  4.28760E-02  2.79179E-05  2.83242E-07  7.95123E-03  1.86123E+00  2.25649E-01  9.09750E-03  9.51757E-08  2.92533E-02  8.57922E-02  1.77457E-02  6.39092E-05  6.90438E-07  2.19455E-07
 470  4.28619E-02  2.42746E-05  2.37834E-07  7.15088E-03  1.86151E+00  2.24865E-01  7.94409E-03  8.21594E-08  2.47943E-02  8.57520E-02  1.59025E-02  5.58358E-05  5.66483E-07  1.90351E-07
 480  4.28519E-02  2.09759E-05  2.03055E-07  6.46031E-03  1.86306E+00  2.24097E-01  6.89693E-03  7.04544E-08  2.08652E-02  8.57238E-02  1.43018E-02  4.85491E-05  4.75668E-07  1.64319E-07
 490  4.28448E-02  1.79757E-05  1.75163E-07  5.86920E-03  1.86589E+00  2.23345E-01  5.94131E-03  5.98954E-08  1.74018E-02  8.57039E-02  1.29206E-02  4.19518E-05  4.06111E-07  1.40909E-07
 500  4.28399E-02  1.52385E-05  1.51688E-07  5.36849E-03  1.86893E+00  2.22612E-01  5.06322E-03  5.03755E-08  1.43558E-02  8.56897E-02  1.17384E-02  3.59515E-05  3.50326E-07  1.19791E-07
 510  4.28365E-02  1.27491E-05  1.31166E-07  4.94920E-03  1.87312E+00  2.21884E-01  4.26112E-03  4.18024E-08  1.16863E-02  8.56797E-02  1.07370E-02  3.04769E-05  3.03377E-07  1.00751E-07
 520  4.28344E-02  1.05062E-05  1.12717E-07  4.60272E-03  1.87828E+00  2.21149E-01  3.53461E-03  3.41573E-08  9.37010E-03  8.56730E-02  9.89839E-03  2.54982E-05  2.62331E-07  8.36048E-08
 530  4.28334E-02  8.51862E-06  9.58949E-08  4.32020E-03  1.88364E+00  2.20430E-01  2.88563E-03  2.74643E-08  7.39472E-03  8.56689E-02  9.20544E-03  2.10125E-05  2.25435E-07  6.83145E-08
 540  4.28333E-02  6.80474E-06  8.06963E-08  4.09259E-03  1.89157E+00  2.19657E-01  2.32438E-03  2.17262E-08  5.74151E-03  8.56669E-02  8.64040E-03  1.70372E-05  1.91790E-07  5.49286E-08
 550  4.28339E-02  5.36547E-06  6.71761E-08  3.91096E-03  1.90039E+00  2.18869E-01  1.84887E-03  1.69549E-08  4.39520E-03  8.56666E-02  8.18518E-03  1.36095E-05  1.61393E-07  4.34524E-08
 560  4.28349E-02  4.18528E-06  5.53092E-08  3.76661E-03  1.90783E+00  2.18143E-01  1.45388E-03  1.30995E-08  3.32814E-03  8.56677E-02  7.82193E-03  1.07309E-05  1.34352E-07  3.39097E-08
 570  4.28364E-02  3.24139E-06  4.51759E-08  3.65199E-03  1.91503E+00  2.17405E-01  1.13518E-03  1.00468E-08  2.49850E-03  8.56698E-02  7.53321E-03  8.37055E-06  1.10618E-07  2.61991E-08
 580  4.28382E-02  2.49892E-06  3.67025E-08  3.56062E-03  1.92294E+00  2.16642E-01  8.82910E-04  7.66546E-09  1.86364E-03  8.56728E-02  7.30398E-03  6.48278E-06  9.03519E-08  2.00935E-08
 590  4.28404E-02  1.92096E-06  2.96964E-08  3.48742E-03  1.93140E+00  2.15914E-01  6.84884E-04  5.83079E-09  1.38401E-03  8.56765E-02  7.12123E-03  4.99783E-06  7.34050E-08  1.53309E-08
 600  4.28427E-02  1.47330E-06  2.39378E-08  3.42825E-03  1.93989E+00  2.15120E-01  5.30612E-04  4.42289E-09  1.02391E-03  8.56808E-02  6.97483E-03  3.84193E-06  5.93928E-08  1.16616E-08
 610  4.28453E-02  1.12649E-06  1.92050E-08  3.37993E-03  1.94903E+00  2.14302E-01  4.10508E-04  3.34333E-09  7.54636E-04  8.56855E-02  6.85650E-03  2.94660E-06  4.78756E-08  8.84578E-09
 620  4.28480E-02  8.57268E-07  1.53109E-08  3.34010E-03  1.95842E+00  2.13496E-01  3.16619E-04  2.51574E-09  5.53736E-04  8.56906E-02  6.75986E-03  2.25298E-06  3.84101E-08  6.68666E-09
 630  4.28508E-02  6.47503E-07  1.20957E-08  3.30691E-03  1.96708E+00  2.12658E-01  2.42959E-04  1.87937E-09  4.03774E-04  8.56959E-02  6.68020E-03  1.71454E-06  3.06217E-08  5.03148E-09
 640  4.28536E-02  4.83262E-07  9.42842E-09  3.27894E-03  1.97560E+00  2.11882E-01  1.84814E-04  1.38858E-09  2.91777E-04  8.57015E-02  6.61382E-03  1.29501E-06  2.41915E-08  3.75874E-09
 650  4.28566E-02  3.54623E-07  7.21593E-09  3.25515E-03  1.98426E+00  2.10990E-01  1.38928E-04  1.00832E-09  2.07618E-04  8.57073E-02  6.55788E-03  9.66524E-07  1.88568E-08  2.77716E-09
 660  4.28596E-02  2.53373E-07  5.37117E-09  3.23466E-03  1.99266E+00  2.10097E-01  1.02330E-04  7.13434E-10  1.44316E-04  8.57131E-02  6.51030E-03  7.09246E-07  1.44319E-08  2.01664E-09
 670  4.28626E-02  1.73716E-07  3.83333E-09  3.21682E-03  2.00250E+00  2.09206E-01  7.31778E-05  4.84881E-10  9.71081E-05  8.57191E-02  6.46933E-03  5.06746E-07  1.07423E-08  1.42687E-09
 680  4.28657E-02  1.11236E-07  2.55491E-09  3.20106E-03  2.01063E+00  2.08249E-01  5.00195E-05  3.08765E-10  6.24758E-05  8.57252E-02  6.43364E-03  3.47431E-07  7.66665E-09  9.69761E-10
 690  4.28688E-02  6.29731E-08  1.50797E-09  3.18696E-03  2.01916E+00  2.07259E-01  3.18795E-05  1.75115E-10  3.76495E-05  8.57313E-02  6.40213E-03  2.22473E-07  5.10982E-09  6.17530E-10
 700  4.28722E-02  2.71773E-08  6.86884E-10  3.17414E-03  2.02675E+00  2.06296E-01  1.80243E-05  7.78008E-11  2.05157E-05  8.57375E-02  6.37392E-03  1.25946E-07  3.01595E-09  3.50229E-10
 710  4.28791E-02  4.18396E-09  1.26063E-10  3.16232E-03  2.03495E+00  2.05309E-01  8.11586E-06  1.57013E-11  9.37680E-06  8.57444E-02  6.34828E-03  5.43546E-08  1.37377E-09  1.55602E-10
 720  4.28911E-02  1.44799E-10  7.71013E-12  3.15097E-03  2.04272E+00  2.04370E-01  2.60066E-06  1.87725E-12  3.04157E-06  8.57582E-02  6.32465E-03  8.36791E-09  2.52126E-10  3.14026E-11
 730  4.29119E-02  5.12163E-12  3.95211E-13  3.14006E-03  2.05050E+00  2.03386E-01  3.50007E-07  2.00115E-13  3.77323E-07  8.57822E-02  6.30194E-03  2.89599E-10  1.54203E-11  3.75451E-12
 740  4.29459E-02  1.82093E-13  1.92957E-14  3.12961E-03  2.06024E+00  2.02323E-01  1.21945E-08  1.15366E-14  1.28234E-08  8.58238E-02  6.28011E-03  1.02433E-11  7.90422E-13  4.00231E-13
 750  4.29992E-02  6.50796E-15  9.37970E-16  3.11969E-03  2.07058E+00  2.01290E-01  4.27186E-10  5.59335E-16  4.38278E-10  8.58918E-02  6.25921E-03  3.64187E-13  3.85914E-14  2.30732E-14
 760  4.30792E-02  2.33658E-16  4.61022E-17  3.11030E-03  2.07915E+00  2.00362E-01  1.50260E-11  2.50057E-17  1.50868E-11  8.59983E-02  6.23937E-03  1.30159E-14  1.87594E-15  1.11867E-15
 770  4.31949E-02  8.42981E-18  2.30126E-18  3.10142E-03  2.08741E+00  1.99385E-01  5.31362E-13  1.06776E-18  5.21719E-13  8.61585E-02  6.22061E-03  4.67315E-16  9.22044E-17  5.00114E-17
 780  4.33556E-02  3.05544E-19  1.16203E-19  3.09292E-03  2.09529E+00  1.98457E-01  1.88783E-14  4.43038E-20  1.81462E-14  8.63899E-02  6.20283E-03  1.68596E-17  4.60251E-18  2.13551E-18
 790  4.35700E-02  1.11267E-20  5.89991E-21  3.08444E-03  2.10322E+00  1.97539E-01  6.74032E-16  1.80381E-21  6.34390E-16  8.67112E-02  6.18583E-03  6.11087E-19  2.32407E-19  8.86077E-20
 800  4.38447E-02  4.07111E-22  2.99332E-22  3.07554E-03  2.11158E+00  1.96641E-01  2.41853E-17  7.25042E-23  2.22923E-17  8.71400E-02  6.16888E-03  2.22533E-20  1.17998E-20  3.60762E-21
 810  4.41822E-02  1.49635E-23  1.50933E-23  3.06533E-03  2.11952E+00  1.95786E-01  8.71758E-19  2.88834E-24  7.87765E-19  8.76894E-02  6.15107E-03  8.14221E-22  5.98665E-22  1.45008E-22
 820  4.45788E-02  5.52650E-25  7.54464E-25  3.05263E-03  2.12710E+00  1.94886E-01  3.15867E-20  1.14377E-25  2.79627E-20  8.83643E-02  6.13066E-03  2.99270E-23  3.01867E-23  5.77668E-24
 830  4.50232E-02  2.04964E-26  3.72721E-26  3.03586E-03  2.13303E+00  1.94090E-01  1.14884E-21  4.50929E-27  9.99190E-22  8.91576E-02  6.10526E-03  1.10530E-24  1.50893E-24  2.28754E-25
 840  4.54951E-02  7.63546E-28  1.82149E-27  3.01321E-03  2.13952E+00  1.93271E-01  4.19859E-23  1.77293E-28  3.58489E-23  9.00464E-02  6.07172E-03  4.09928E-26  7.45442E-26  9.01859E-27
 850  4.59654E-02  2.85652E-29  8.81489E-29  2.98269E-03  2.14548E+00  1.92491E-01  1.54094E-24  6.95850E-30  1.29298E-24  9.09902E-02  6.02641E-03  1.52709E-27  3.64298E-27  3.54585E-28
 860  4.63976E-02  1.07324E-30  4.23643E-30  2.94239E-03  2.15134E+00  1.91717E-01  5.68063E-26  2.72887E-31  4.68479E-26  9.19308E-02  5.96538E-03  5.71304E-29  1.76298E-28  1.39170E-29
 870  4.67496E-02  4.04873E-32  2.02867E-31  2.89065E-03  2.15664E+00  1.90982E-01  2.10270E-27  1.06987E-32  1.70606E-27  9.27952E-02  5.88478E-03  2.14648E-30  8.47286E-30  5.45775E-31
 880  4.69777E-02  1.53397E-33  9.73322E-33  2.82632E-03  2.16240E+00  1.90221E-01  7.81922E-29  4.19658E-34  6.23714E-29  9.34992E-02  5.78131E-03  8.09746E-32  4.05734E-31  2.13973E-32
 890  4.70406E-02  5.83429E-35  4.70067E-34  2.74885E-03  2.16694E+00  1.89526E-01  2.91866E-30  1.64713E-35  2.29302E-30  9.39554E-02  5.65263E-03  3.06793E-33  1.94664E-32  8.39316E-34
 900  4.69037E-02  2.22761E-36  2.30119E-35  2.65851E-03  2.17133E+00  1.88835E-01  1.09388E-31  6.47147E-37  8.46536E-32  9.40813E-02  5.49770E-03  1.16686E-34  9.40135E-34  3.29426E-35
 910  4.65424E-02  8.53637E-38  1.15039E-36  2.55633E-03  2.17530E+00  1.88180E-01  4.11501E-33  2.54554E-38  3.13988E-33  9.38075E-02  5.31702E-03  4.45523E-36  4.60238E-35  1.29429E-36
 920  4.59450E-02  3.28473E-39  5.93424E-38  2.44408E-03  2.18032E+00  1.87472E-01  1.55510E-34  1.00315E-39  1.16811E-34  9.30848E-02  5.11266E-03  1.70727E-37  2.30079E-36  5.09109E-38
 930  4.51139E-02  1.26921E-40  3.19063E-39  2.32413E-03  2.18541E+00  1.86775E-01  5.90234E-36  3.96147E-41  4.36503E-36  9.18900E-02  4.88817E-03  6.56946E-39  1.18685E-37  2.00629E-39
 940  4.40657E-02  4.92556E-42  1.80358E-40  2.19925E-03  2.18905E+00  1.86174E-01  2.24769E-37  1.54984E-42  1.64083E-37  9.02278E-02  4.64827E-03  2.53842E-40  6.38126E-39  7.92294E-41
 950  4.28294E-02  2.15800E-43  1.08306E-41  2.07239E-03  2.19184E+00  1.85642E-01  8.58581E-39  7.98740E-44  6.19816E-39  8.81314E-02  4.39850E-03  9.85113E-42  3.60717E-40  3.09967E-42
 960  4.14438E-02  3.36312E-44  6.99248E-43  1.94651E-03  2.19511E+00  1.85085E-01  3.30376E-40  1.12104E-44  2.34093E-40  8.56588E-02  4.14479E-03  4.31600E-43  2.16613E-41  1.59748E-43
 970  3.99539E-02  1.12104E-44  7.42688E-44  1.82432E-03  2.19757E+00  1.84596E-01  1.23566E-41  0.00000E+00  8.54932E-42  8.28875E-02  3.89302E-03  6.72623E-44  1.39850E-42  2.24208E-44
 980  3.84076E-02  0.00000E+00  3.50325E-44  1.70815E-03  2.20010E+00  1.84112E-01  0.00000E+00  0.00000E+00  0.00000E+00  7.99078E-02  3.64864E-03  2.24208E-44  1.48538E-43  0.00000E+00
 990  3.68518E-02  0.00000E+00  3.50325E-44  1.59986E-03  2.20275E+00  1.83637E-01  0.00000E+00  0.00000E+00  0.00000E+00  7.68153E-02  3.41631E-03  0.00000E+00  7.00649E-44  0.00000E+00
1000  3.53294E-02  0.00000E+00  3.64338E-44  1.50076E-03  2.20504E+00  1.83196E-01  0.00000E+00  0.00000E+00  0.00000E+00  7.37037E-02  3.19973E-03  0.00000E+00  7.00649E-44  0.00000E+00
1010  3.38770E-02  0.00000E+00  3.92364E-44  1.41163E-03  2.20784E+00  1.82733E-01  0.00000E+00  0.00000E+00  0.00000E+00  7.06589E-02  3.00153E-03  0.00000E+00  7.28675E-44  0.00000E+00
1020  3.25236E-02  0.00000E+00  4.20390E-44  1.33273E-03  2.20983E+00  1.82332E-01  0.00000E+00  0.00000E+00  0.00000E+00  6.77541E-02  2.82325E-03  0.00000E+00  7.84727E-44  0.00000E+00
1030  3.12897E-02  0.00000E+00  4.48416E-44  1.26391E-03  2.21154E+00  1.81968E-01  0.00000E+00  0.00000E+00  0.00000E+00  6.50472E-02  2.66545E-03  0.00000E+00  8.40779E-44  0.00000E+00
1040  3.01877E-02  0.00000E+00  4.76441E-44  1.20467E-03  2.21222E+00  1.81604E-01  0.00000E+00  0.00000E+00  0.00000E+00  6.25795E-02  2.52781E-03  0.00000E+00  8.96831E-44  0.00000E+00
1050  2.92225E-02  0.00000E+00  0.00000E+00  1.15427E-03  2.21387E+00  1.81248E-01  0.00000E+00  0.00000E+00  0.00000E+00  6.03755E-02  2.40934E-03  0.00000E+00  9.52883E-44  0.00000E+00
1060  2.83925E-02  0.00000E+00  0.00000E+00  1.11180E-03  2.21531E+00  1.80927E-01  0.00000E+00  0.00000E+00  0.00000E+00  5.84450E-02  2.30854E-03  0.00000E+00  0.00000E+00  0.00000E+00
1070  2.76912E-02  0.00000E+00  0.00000E+00  1.07628E-03  2.21691E+00  1.80610E-01  0.00000E+00  0.00000E+00  0.00000E+00  5.67849E-02  2.22360E-03  0.00000E+00  0.00000E+00  0.00000E+00
1080  2.71087E-02  0.00000E+00  0.00000E+00  1.04670E-03  2.21863E+00  1.80299E-01  0.00000E+00  0.00000E+00  0.00000E+00  5.53825E-02  2.15255E-03  0.00000E+00  0.00000E+00  0.00000E+00
1090  2.66326E-02  0.00000E+00  0.00000E+00  1.02212E-03  2.21964E+00  1.80050E-01  0.00000E+00  0.00000E+00  0.00000E+00  5.42175E-02  2.09340E-03  0.00000E+00  0.00000E+00  0.00000E+00
1100  2.62495E-02  0.00000E+00  0.00000E+00  1.00164E-03  2.22117E+00  1.79775E-01  0.00000E+00  0.00000E+00  0.00000E+00  5.32653E-02  2.04424E-03  0.00000E+00  0.00000E+00  0.00000E+00
1110  2.59460E-02  0.00000E+00  0.00000E+00  9.84475E-04  2.22244E+00  1.79535E-01  0.00000E+00  0.00000E+00  0.00000E+00  5.24991E-02  2.00328E-03  0.00000E+00  0.00000E+00  0.00000E+00
1120  2.57088E-02  0.00000E+00  0.00000E+00  9.69941E-04  2.22390E+00  1.79300E-01  0.00000E+00  0.00000E+00  0.00000E+00  5.18919E-02  1.96895E-03  0.00000E+00  0.00000E+00  0.00000E+00
1130  2.55263E-02  0.00000E+00  0.00000E+00  9.57455E-04  2.22548E+00  1.79069E-01  0.00000E+00  0.00000E+00  0.00000E+00  5.14177E-02  1.93988E-03  0.00000E+00  0.00000E+00  0.00000E+00
1140  2.53877E-02  0.00000E+00  0.00000E+00  9.46543E-04  2.22675E+00  1.78870E-01  0.00000E+00  0.00000E+00  0.00000E+00  5.10526E-02  1.91491E-03  0.00000E+00  0.00000E+00  0.00000E+00
1150  2.52840E-02  0.00000E+00  0.00000E+00  9.36816E-04  2.22813E+00  1.78674E-01  0.00000E+00  0.00000E+00  0.00000E+00  5.07755E-02  1.89309E-03  0.00000E+00  0.00000E+00  0.00000E+00
1160  2.52074E-02  0.00000E+00  0.00000E+00  9.27968E-04  2.22972E+00  1.78484E-01  0.00000E+00  0.00000E+00  0.00000E+00  5.05680E-02  1.87363E-03  0.00000E+00  0.00000E+00  0.00000E+00
1170  2.51517E-02  0.00000E+00  0.00000E+00  9.19760E-04  2.23180E+00  1.78268E-01  0.00000E+00  0.00000E+00  0.00000E+00  5.04148E-02  1.85594E-03  0.00000E+00  0.00000E+00  0.00000E+00
1180  2.51117E-02  0.00000E+00  0.00000E+00  9.12012E-04  2.23328E+00  1.78114E-01  0.00000E+00  0.00000E+00  0.00000E+00  5.03033E-02  1.83952E-03  0.00000E+00  0.00000E+00  0.00000E+00
1190  2.50834E-02  0.00000E+00  0.00000E+00  9.04584E-04  2.23526E+00  1.77935E-01  0.00000E+00  0.00000E+00  0.00000E+00  5.02233E-02  1.82402E-03  0.00000E+00  0.00000E+00  0.00000E+00
1200  2.50638E-02  0.00000E+00  0.00000E+00  8.97381E-04  2.23704E+00  1.77788E-01  0.00000E+00  0.00000E+00  0.00000E+00  5.01668E-02  1.80917E-03  0.00000E+00  0.00000E+00  0.00000E+00
1210  2.50504E-02  0.00000E+00  0.00000E+00  8.90335E-04  2.23899E+00  1.77645E-01  0.00000E+00  0.00000E+00  0.00000E+00  5.01275E-02  1.79476E-03  0.00000E+00  0.00000E+00  0.00000E+00
1220  2.50416E-02  0.00000E+00  0.00000E+00  8.83389E-04  2.24121E+00  1.77507E-01  0.00000E+00  0.00000E+00  0.00000E+00  5.01009E-02  1.78067E-03  0.00000E+00  0.00000E+00  0.00000E+00
1230  2.50359E-02  0.00000E+00  0.00000E+00  8.76511E-04  2.24315E+00  1.77399E-01  0.00000E+00  0.00000E+00  0.00000E+00  5.00832E-02  1.76678E-03  0.00000E+00  0.00000E+00  0.00000E+00
1240  2.50325E-02  0.00000E+00  0.00000E+00  8.69696E-04  2.24568E+00  1.77262E-01  0.00000E+00  0.00000E+00  0.00000E+00  5.00719E-02  1.75302E-03  0.00000E+00  0.00000E+00  0.00000E+00
1250  2.50306E-02  0.00000E+00  0.00000E+00  8.62922E-04  2.24771E+00  1.77125E-01  0.00000E+00  0.00000E+00  0.00000E+00  5.00650E-02  1.73939E-03  0.00000E+00  0.00000E+00  0.00000E+00
1260  2.50298E-02  0.00000E+00  0.00000E+00  8.56179E-04  2.24934E+00  1.77015E-01  0.00000E+00  0.00000E+00  0.00000E+00  5.00613E-02  1.72584E-03  0.00000E+00  0.00000E+00  0.00000E+00
1270  2.50293E-02  0.00000E+00  0.00000E+00  8.49468E-04  2.25098E+00  1.76906E-01  0.00000E+00  0.00000E+00  0.00000E+00  5.00596E-02  1.71236E-03  0.00000E+00  0.00000E+00  0.00000E+00
1280  2.50288E-02  0.00000E+00  0.00000E+00  8.42791E-04  2.25263E+00  1.76797E-01  0.00000E+00  0.00000E+00  0.00000E+00  5.00586E-02  1.69894E-03  0.00000E+00  0.00000E+00  0.00000E+00
1290  2.50283E-02  0.00000E+00  0.00000E+00  8.36149E-04  2.25429E+00  1.76688E-01  0.00000E+00  0.00000E+00  0.00000E+00  5.00577E-02  1.68558E-03  0.00000E+00  0.00000E+00  0.00000E+00
1300  2.50279E-02  0.00000E+00  0.00000E+00  8.29551E-04  2.25597E+00  1.76579E-01  0.00000E+00  0.00000E+00  0.00000E+00  5.00567E-02  1.67230E-03  0.00000E+00  0.00000E+00  0.00000E+00
1310  2.50274E-02  0.00000E+00  0.00000E+00  8.22998E-04  2.25723E+00  1.76498E-01  0.00000E+00  0.00000E+00  0.00000E+00  5.00557E-02  1.65910E-03  0.00000E+00  0.00000E+00  0.00000E+00
1320  2.50269E-02  0.00000E+00  0.00000E+00  8.16499E-04  2.25894E+00  1.76390E-01  0.00000E+00  0.00000E+00  0.00000E+00  5.00547E-02  1.64600E-03  0.00000E+00  0.00000E+00  0.00000E+00
1330  2.50264E-02  0.00000E+00  0.00000E+00  8.10057E-04  2.26024E+00  1.76309E-01  0.00000E+00  0.00000E+00  0.00000E+00  5.00538E-02  1.63300E-03  0.00000E+00  0.00000E+00  0.00000E+00
1340  2.50259E-02  0.00000E+00  0.00000E+00  8.03685E-04  2.26199E+00  1.76201E-01  0.00000E+00  0.00000E+00  0.00000E+00  5.00528E-02  1.62011E-03  0.00000E+00  0.00000E+00  0.00000E+00
1350  2.50254E-02  0.00000E+00  0.00000E+00  7.97393E-04  2.26332E+00  1.76120E-01  0.00000E+00  0.00000E+00  0.00000E+00  5.00518E-02  1.60737E-03  0.00000E+00  0.00000E+00  0.00000E+00
1360  2.50249E-02  0.00000E+00  0.00000E+00  7.91198E-04  2.26468E+00  1.76039E-01  0.00000E+00  0.00000E+00  0.00000E+00  5.00509E-02  1.59479E-03  0.00000E+00  0.00000E+00  0.00000E+00
1370  2.50245E-02  0.00000E+00  0.00000E+00  7.85092E-04  2.26608E+00  1.75958E-01  0.00000E+00  0.00000E+00  0.00000E+00  5.00499E-02  1.58240E-03  0.00000E+00  0.00000E+00  0.00000E+00
1380  2.50240E-02  0.00000E+00  0.00000E+00  7.79075E-04  2.26753E+00  1.75877E-01  0.00000E+00  0.00000E+00  0.00000E+00  5.00489E-02  1.57018E-03  0.00000E+00  0.00000E+00  0.00000E+00
1390  2.50235E-02  0.00000E+00  0.00000E+00  7.73163E-04  2.26882E+00  1.75796E-01  0.00000E+00  0.00000E+00  0.00000E+00  5.00479E-02  1.55815E-03  0.00000E+00  0.00000E+00  0.00000E+00
1400  2.50230E-02  0.00000E+00  0.00000E+00  7.67354E-04  2.27041E+00  1.75688E-01  0.00000E+00  0.00000E+00  0.00000E+00  5.00470E-02  1.54633E-03  0.00000E+00  0.00000E+00  0.00000E+00
1410  2.50225E-02  0.00000E+00  0.00000E+00  7.61650E-04  2.27120E+00  1.75634E-01  0.00000E+00  0.00000E+00  0.00000E+00  5.00460E-02  1.53471E-03  0.00000E+00  0.00000E+00  0.00000E+00
1420  2.50220E-02  0.00000E+00  0.00000E+00  7.56062E-04  2.27240E+00  1.75553E-01  0.00000E+00  0.00000E+00  0.00000E+00  5.00450E-02  1.52330E-03  0.00000E+00  0.00000E+00  0.00000E+00
1430  2.50215E-02  0.00000E+00  0.00000E+00  7.50597E-04  2.27360E+00  1.75472E-01  0.00000E+00  0.00000E+00  0.00000E+00  5.00441E-02  1.51212E-03  0.00000E+00  0.00000E+00  0.00000E+00
1440  2.50211E-02  0.00000E+00  0.00000E+00  7.45257E-04  2.27441E+00  1.75418E-01  0.00000E+00  0.00000E+00  0.00000E+00  5.00431E-02  1.50119E-03  0.00000E+00  0.00000E+00  0.00000E+00
1450  2.50206E-02  0.00000E+00  0.00000E+00  7.40043E-04  2.27562E+00  1.75338E-01  0.00000E+00  0.00000E+00  0.00000E+00  5.00421E-02  1.49051E-03  0.00000E+00  0.00000E+00  0.00000E+00
1460  2.50201E-02  0.00000E+00  0.00000E+00  7.34955E-04  2.27683E+00  1.75258E-01  0.00000E+00  0.00000E+00  0.00000E+00  5.00411E-02  1.48009E-03  0.00000E+00  0.00000E+00  0.00000E+00
1470  2.50196E-02  0.00000E+00  0.00000E+00  7.29999E-04  2.27765E+00  1.75204E-01  0.00000E+00  0.00000E+00  0.00000E+00  5.00402E-02  1.46991E-03  0.00000E+00  0.00000E+00  0.00000E+00
1480  2.50191E-02  0.00000E+00  0.00000E+00  7.25180E-04  2.27847E+00  1.75151E-01  0.00000E+00  0.00000E+00  0.00000E+00  5.00392E-02  1.46000E-03  0.00000E+00  0.00000E+00  0.00000E+00
1490  2.50186E-02  0.00000E+00  0.00000E+00  7.20492E-04  2.27970E+00  1.75070E-01  0.00000E+00  0.00000E+00  0.00000E+00  5.00382E-02  1.45036E-03  0.00000E+00  0.00000E+00  0.00000E+00
1500  2.50181E-02  0.00000E+00  0.00000E+00  7.15946E-04  2.28053E+00  1.75017E-01  0.00000E+00  0.00000E+00  0.00000E+00  5.00372E-02  1.44098E-03  0.00000E+00  0.00000E+00  0.00000E+00
1510  2.50177E-02  0.00000E+00  0.00000E+00  7.11539E-04  2.28135E+00  1.74963E-01  0.00000E+00  0.00000E+00  0.00000E+00  5.00363E-02  1.43189E-03  0.00000E+00  0.00000E+00  0.00000E+00
1520  2.50172E-02  0.00000E+00  0.00000E+00  7.07271E-04  2.28219E+00  1.74910E-01  0.00000E+00  0.00000E+00  0.00000E+00  5.00353E-02  1.42308E-03  0.00000E+00  0.00000E+00  0.00000E+00
1530  2.50167E-02  0.00000E+00  0.00000E+00  7.03146E-04  2.28303E+00  1.74857E-01  0.00000E+00  0.00000E+00  0.00000E+00  5.00343E-02  1.41454E-03  0.00000E+00  0.00000E+00  0.00000E+00
1540  2.50162E-02  0.00000E+00  0.00000E+00  6.99159E-04  2.28388E+00  1.74804E-01  0.00000E+00  0.00000E+00  0.00000E+00  5.00334E-02  1.40629E-03  0.00000E+00  0.00000E+00  0.00000E+00
1550  2.50157E-02  0.00000E+00  0.00000E+00  6.95310E-04  2.28473E+00  1.74751E-01  0.00000E+00  0.00000E+00  0.00000E+00  5.00324E-02  1.39832E-03  0.00000E+00  0.00000E+00  0.00000E+00
1560  2.50152E-02  0.00000E+00  0.00000E+00  6.91601E-04  2.28558E+00  1.74697E-01  0.00000E+00  0.00000E+00  0.00000E+00  5.00314E-02  1.39062E-03  0.00000E+00  0.00000E+00  0.00000E+00
1570  2.50147E-02  0.00000E+00  0.00000E+00  6.88025E-04  2.28644E+00  1.74644E-01  0.00000E+00  0.00000E+00  0.00000E+00  5.00304E-02  1.38320E-03  0.00000E+00  0.00000E+00  0.00000E+00
1580  2.50142E-02  0.00000E+00  0.00000E+00  6.84583E-04  2.28732E+00  1.74591E-01  0.00000E+00  0.00000E+00  0.00000E+00  5.00295E-02  1.37605E-03  0.00000E+00  0.00000E+00  0.00000E+00
1590  2.50138E-02  0.00000E+00  0.00000E+00  6.81270E-04  2.28776E+00  1.74564E-01  0.00000E+00  0.00000E+00  0.00000E+00  5.00285E-02  1.36917E-03  0.00000E+00  0.00000E+00  0.00000E+00
1600  2.50133E-02  0.00000E+00  0.00000E+00  6.78085E-04  2.28864E+00  1.74511E-01  0.00000E+00  0.00000E+00  0.00000E+00  5.00275E-02  1.36254E-03  0.00000E+00  0.00000E+00  0.00000E+00
1610  2.50128E-02  0.00000E+00  0.00000E+00  6.75020E-04  2.28954E+00  1.74458E-01  0.00000E+00  0.00000E+00  0.00000E+00  5.00266E-02  1.35617E-03  0.00000E+00  0.00000E+00  0.00000E+00
1620  2.50123E-02  0.00000E+00  0.00000E+00  6.72074E-04  2.29046E+00  1.74405E-01  0.00000E+00  0.00000E+00  0.00000E+00  5.00256E-02  1.35004E-03  0.00000E+00  0.00000E+00  0.00000E+00
1630  2.50118E-02  0.00000E+00  0.00000E+00  6.69248E-04  2.29088E+00  1.74378E-01  0.00000E+00  0.00000E+00  0.00000E+00  5.00246E-02  1.34415E-03  0.00000E+00  0.00000E+00  0.00000E+00
1640  2.50113E-02  0.00000E+00  0.00000E+00  6.66536E-04  2.29166E+00  1.74325E-01  0.00000E+00  0.00000E+00  0.00000E+00  5.00237E-02  1.33850E-03  0.00000E+00  0.00000E+00  0.00000E+00
1650  2.50109E-02  0.00000E+00  0.00000E+00  6.63934E-04  2.29242E+00  1.74272E-01  0.00000E+00  0.00000E+00  0.00000E+00  5.00227E-02  1.33307E-03  0.00000E+00  0.00000E+00  0.00000E+00
1660  2.50104E-02  0.00000E+00  0.00000E+00  6.61444E-04  2.29281E+00  1.74245E-01  0.00000E+00  0.00000E+00  0.00000E+00  5.00217E-02  1.32787E-03  0.00000E+00  0.00000E+00  0.00000E+00
1670  2.50099E-02  0.00000E+00  0.00000E+00  6.59061E-04  2.29359E+00  1.74192E-01  0.00000E+00  0.00000E+00  0.00000E+00  5.00208E-02  1.32289E-03  0.00000E+00  0.00000E+00  0.00000E+00
1680  2.50094E-02  0.00000E+00  0.00000E+00  6.56782E-04  2.29398E+00  1.74166E-01  0.00000E+00  0.00000E+00  0.00000E+00  5.00198E-02  1.31812E-03  0.00000E+00  0.00000E+00  0.00000E+00
1690  2.50089E-02  0.00000E+00  0.00000E+00  6.54599E-04  2.29437E+00  1.74139E-01  0.00000E+00  0.00000E+00  0.00000E+00  5.00188E-02  1.31356E-03  0.00000E+00  0.00000E+00  0.00000E+00
1700  2.50085E-02  0.00000E+00  0.00000E+00  6.52500E-04  2.29514E+00  1.74086E-01  0.00000E+00  0.00000E+00  0.00000E+00  5.00179E-02  1.30920E-03  0.00000E+00  0.00000E+00  0.00000E+00
1710  2.50080E-02  0.00000E+00  0.00000E+00  6.50479E-04  2.29553E+00  1.74060E-01  0.00000E+00  0.00000E+00  0.00000E+00  5.00169E-02  1.30500E-03  0.00000E+00  0.00000E+00  0.00000E+00
1720  2.50075E-02  0.00000E+00  0.00000E+00  6.48534E-04  2.29631E+00  1.74007E-01  0.00000E+00  0.00000E+00  0.00000E+00  5.00159E-02  1.30096E-03  0.00000E+00  0.00000E+00  0.00000E+00
1730  2.50070E-02  0.00000E+00  0.00000E+00  6.46669E-04  2.29670E+00  1.73980E-01  0.00000E+00  0.00000E+00  0.00000E+00  5.00150E-02  1.29707E-03  0.00000E+00  0.00000E+00  0.00000E+00
1740  2.50065E-02  0.00000E+00  0.00000E+00  6.44877E-04  2.29749E+00  1.73928E-01  0.00000E+00  0.00000E+00  0.00000E+00  5.00140E-02  1.29334E-03  0.00000E+00  0.00000E+00  0.00000E+00
1750  2.50060E-02  0.00000E+00  0.00000E+00  6.43160E-04  2.29788E+00  1.73901E-01  0.00000E+00  0.00000E+00  0.00000E+00  5.00130E-02  1.28975E-03  0.00000E+00  0.00000E+00  0.00000E+00
1760  2.50056E-02  0.00000E+00  0.00000E+00  6.41512E-04  2.29827E+00  1.73875E-01  0.00000E+00  0.00000E+00  0.00000E+00  5.00121E-02  1.28632E-03  0.00000E+00  0.00000E+00  0.00000E+00
1770  2.50051E-02  0.00000E+00  0.00000E+00  6.39936E-04  2.29907E+00  1.73822E-01  0.00000E+00  0.00000E+00  0.00000E+00  5.00111E-02  1.28302E-03  0.00000E+00  0.00000E+00  0.00000E+00
1780  2.50046E-02  0.00000E+00  0.00000E+00  6.38428E-04  2.29946E+00  1.73796E-01  0.00000E+00  0.00000E+00  0.00000E+00  5.00102E-02  1.27987E-03  0.00000E+00  0.00000E+00  0.00000E+00
1790  2.50041E-02  0.00000E+00  0.00000E+00  6.36964E-04  2.29986E+00  1.73769E-01  0.00000E+00  0.00000E+00  0.00000E+00  5.00092E-02  1.27686E-03  0.00000E+00  0.00000E+00  0.00000E+00
1800  2.50036E-02  0.00000E+00  0.00000E+00  6.35572E-04  2.30065E+00  1.73717E-01  0.00000E+00  0.00000E+00  0.00000E+00  5.00082E-02  1.27393E-03  0.00000E+00  0.00000E+00  0.00000E+00
1810  2.50031E-02  0.00000E+00  0.00000E+00  6.34217E-04  2.30104E+00  1.73690E-01  0.00000E+00  0.00000E+00  0.00000E+00  5.00073E-02  1.27114E-03  0.00000E+00  0.00000E+00  0.00000E+00
1820  2.50027E-02  0.00000E+00  0.00000E+00  6.32936E-04  2.30144E+00  1.73664E-01  0.00000E+00  0.00000E+00  0.00000E+00  5.00063E-02  1.26843E-03  0.00000E+00  0.00000E+00  0.00000E+00
1830  2.50022E-02  0.00000E+00  0.00000E+00  6.31693E-04  2.30184E+00  1.73637E-01  0.00000E+00  0.00000E+00  0.00000E+00  5.00053E-02  1.26587E-03  0.00000E+00  0.00000E+00  0.00000E+00
1840  2.50017E-02  0.00000E+00  0.00000E+00  6.30512E-04  2.30264E+00  1.73585E-01  0.00000E+00  0.00000E+00  0.00000E+00  5.00044E-02  1.26339E-03  0.00000E+00  0.00000E+00  0.00000E+00
1850  2.50012E-02  0.00000E+00  0.00000E+00  6.29371E-04  2.30304E+00  1.73559E-01  0.00000E+00  0.00000E+00  0.00000E+00  5.00034E-02  1.26102E-03  0.00000E+00  0.00000E+00  0.00000E+00
1860  2.50007E-02  0.00000E+00  0.00000E+00  6.28264E-04  2.30344E+00  1.73532E-01  0.00000E+00  0.00000E+00  0.00000E+00  5.00024E-02  1.25874E-03  0.00000E+00  0.00000E+00  0.00000E+00
1870  2.50003E-02  0.00000E+00  0.00000E+00  6.27191E-04  2.30385E+00  1.73506E-01  0.00000E+00  0.00000E+00  0.00000E+00  5.00015E-02  1.25653E-03  0.00000E+00  0.00000E+00  0.00000E+00
1880  2.50000E-02  0.00000E+00  0.00000E+00  6.26151E-04  2.30425E+00  1.73480E-01  0.00000E+00  0.00000E+00  0.00000E+00  5.00005E-02  1.25438E-03  0.00000E+00  0.00000E+00  0.00000E+00
1890  2.50000E-02  0.00000E+00  0.00000E+00  6.25144E-04  2.30465E+00  1.73454E-01  0.00000E+00  0.00000E+00  0.00000E+00  5.00000E-02  1.25230E-03  0.00000E+00  0.00000E+00  0.00000E+00
1900  2.50000E-02  0.00000E+00  0.00000E+00  6.24169E-04  2.30506E+00  1.73428E-01  0.00000E+00  0.00000E+00  0.00000E+00  5.00000E-02  1.25029E-03  0.00000E+00  0.00000E+00  0.00000E+00
1910  2.50000E-02  0.00000E+00  0.00000E+00  6.23225E-04  2.30547E+00  1.73401E-01  0.00000E+00  0.00000E+00  0.00000E+00  5.00000E-02  1.24834E-03  0.00000E+00  0.00000E+00  0.00000E+00
1920  2.50000E-02  0.00000E+00  0.00000E+00  6.22313E-04  2.30587E+00  1.73375E-01  0.00000E+00  0.00000E+00  0.00000E+00  5.00000E-02  1.24645E-03  0.00000E+00  0.00000E+00  0.00000E+00
1930  2.50000E-02  0.00000E+00  0.00000E+00  6.21421E-04  2.30628E+00  1.73349E-01  0.00000E+00  0.00000E+00  0.00000E+00  5.00000E-02  1.24463E-03  0.00000E+00  0.00000E+00  0.00000E+00
1940  2.50000E-02  0.00000E+00  0.00000E+00  6.20557E-04  2.30668E+00  1.73322E-01  0.00000E+00  0.00000E+00  0.00000E+00  5.00000E-02  1.24284E-03  0.00000E+00  0.00000E+00  0.00000E+00
1950  2.50000E-02  0.00000E+00  0.00000E+00  6.19723E-04  2.30710E+00  1.73296E-01  0.00000E+00  0.00000E+00  0.00000E+00  5.00000E-02  1.24111E-03  0.00000E+00  0.00000E+00  0.00000E+00
1960  2.50000E-02  0.00000E+00  0.00000E+00  6.18913E-04  2.30751E+00  1.73270E-01  0.00000E+00  0.00000E+00  0.00000E+00  5.00000E-02  1.23945E-03  0.00000E+00  0.00000E+00  0.00000E+00
1970  2.50000E-02  0.00000E+00  0.00000E+00  6.18122E-04  2.30792E+00  1.73244E-01  0.00000E+00  0.00000E+00  0.00000E+00  5.00000E-02  1.23783E-03  0.00000E+00  0.00000E+00  0.00000E+00
1980  2.50000E-02  0.00000E+00  0.00000E+00  6.17359E-04  2.30834E+00  1.73218E-01  0.00000E+00  0.00000E+00  0.00000E+00  5.00000E-02  1.23624E-03  0.00000E+00  0.00000E+00  0.00000E+00
1990  2.50000E-02  0.00000E+00  0.00000E+00  6.16614E-04  2.30875E+00  1.73192E-01  0.00000E+00  0.00000E+00  0.00000E+00  5.00000E-02  1.23472E-03  0.00000E+00  0.00000E+00  0.00000E+00
2000  2.50000E-02  0.00000E+00  0.00000E+00  6.15890E-04  2.30916E+00  1.73166E-01  0.00000E+00  0.00000E+00  0.00000E+00  5.00000E-02  1.23323E-03  0.00000E+00  0.00000E+00  0.00000E+00
2010  2.50000E-02  0.00000E+00  0.00000E+00  6.15188E-04  2.30958E+00  1.73140E-01  0.00000E+00  0.00000E+00  0.00000E+00  5.00000E-02  1.23178E-03  0.00000E+00  0.00000E+00  0.00000E+00
2020  2.50000E-02  0.00000E+00  0.00000E+00  6.14501E-04  2.31000E+00  1.73114E-01  0.00000E+00  0.00000E+00  0.00000E+00  5.00000E-02  1.23038E-03  0.00000E+00  0.00000E+00  0.00000E+00
2030  2.50000E-02  0.00000E+00  0.00000E+00  6.13836E-04  2.31042E+00  1.73087E-01  0.00000E+00  0.00000E+00  0.00000E+00  5.00000E-02  1.22900E-03  0.00000E+00  0.00000E+00  0.00000E+00
2040  2.50000E-02  0.00000E+00  0.00000E+00  6.13185E-04  2.31084E+00  1.73061E-01  0.00000E+00  0.00000E+00  0.00000E+00  5.00000E-02  1.22767E-03  0.00000E+00  0.00000E+00  0.00000E+00
2050  2.50000E-02  0.00000E+00  0.00000E+00  6.12553E-04  2.31126E+00  1.73035E-01  0.00000E+00  0.00000E+00  0.00000E+00  5.00000E-02  1.22637E-03  0.00000E+00  0.00000E+00  0.00000E+00
2060  2.50000E-02  0.00000E+00  0.00000E+00  6.11935E-04  2.31169E+00  1.73009E-01  0.00000E+00  0.00000E+00  0.00000E+00  5.00000E-02  1.22511E-03  0.00000E+00  0.00000E+00  0.00000E+00
2070  2.50000E-02  0.00000E+00  0.00000E+00  6.11332E-04  2.31212E+00  1.72983E-01  0.00000E+00  0.00000E+00  0.00000E+00  5.00000E-02  1.22387E-03  0.00000E+00  0.00000E+00  0.00000E+00
2080  2.50000E-02  0.00000E+00  0.00000E+00  6.10749E-04  2.31212E+00  1.72983E-01  0.00000E+00  0.00000E+00  0.00000E+00  5.00000E-02  1.22266E-03  0.00000E+00  0.00000E+00  0.00000E+00
2090  2.50000E-02  0.00000E+00  0.00000E+00  6.10173E-04  2.31254E+00  1.72956E-01  0.00000E+00  0.00000E+00  0.00000E+00  5.00000E-02  1.22150E-03  0.00000E+00  0.00000E+00  0.00000E+00
2100  2.50000E-02  0.00000E+00  0.00000E+00  6.09616E-04  2.31298E+00  1.72930E-01  0.00000E+00  0.00000E+00  0.00000E+00  5.00000E-02  1.22035E-03  0.00000E+00  0.00000E+00  0.00000E+00
2110  2.50000E-02  0.00000E+00  0.00000E+00  6.09071E-04  2.31340E+00  1.72904E-01  0.00000E+00  0.00000E+00  0.00000E+00  5.00000E-02  1.21923E-03  0.00000E+00  0.00000E+00  0.00000E+00
2120  2.50000E-02  0.00000E+00  0.00000E+00  6.08535E-04  2.31377E+00  1.72878E-01  0.00000E+00  0.00000E+00  0.00000E+00  5.00000E-02  1.21814E-03  0.00000E+00  0.00000E+00  0.00000E+00
2130  2.50000E-02  0.00000E+00  0.00000E+00  6.08016E-04  2.31415E+00  1.72852E-01  0.00000E+00  0.00000E+00  0.00000E+00  5.00000E-02  1.21707E-03  0.00000E+00  0.00000E+00  0.00000E+00
2140  2.50000E-02  0.00000E+00  0.00000E+00  6.07506E-04  2.31453E+00  1.72826E-01  0.00000E+00  0.00000E+00  0.00000E+00  5.00000E-02  1.21603E-03  0.00000E+00  0.00000E+00  0.00000E+00
2150  2.50000E-02  0.00000E+00  0.00000E+00  6.07006E-04  2.31490E+00  1.72800E-01  0.00000E+00  0.00000E+00  0.00000E+00  5.00000E-02  1.21501E-03  0.00000E+00  0.00000E+00  0.00000E+00
2160  2.50000E-02  0.00000E+00  0.00000E+00  6.06519E-04  2.31528E+00  1.72774E-01  0.00000E+00  0.00000E+00  0.00000E+00  5.00000E-02  1.21401E-03  0.00000E+00  0.00000E+00  0.00000E+00
2170  2.50000E-02  0.00000E+00  0.00000E+00  6.06043E-04  2.31566E+00  1.72748E-01  0.00000E+00  0.00000E+00  0.00000E+00  5.00000E-02  1.21304E-03  0.00000E+00  0.00000E+00  0.00000E+00
2180  2.50000E-02  0.00000E+00  0.00000E+00  6.05573E-04  2.31603E+00  1.72722E-01  0.00000E+00  0.00000E+00  0.00000E+00  5.00000E-02  1.21209E-03  0.00000E+00  0.00000E+00  0.00000E+00
2190  2.50000E-02  0.00000E+00  0.00000E+00  6.05115E-04  2.31641E+00  1.72696E-01  0.00000E+00  0.00000E+00  0.00000E+00  5.00000E-02  1.21115E-03  0.00000E+00  0.00000E+00  0.00000E+00
2200  2.50000E-02  0.00000E+00  0.00000E+00  6.04668E-04  2.31678E+00  1.72670E-01  0.00000E+00  0.00000E+00  0.00000E+00  5.00000E-02  1.21023E-03  0.00000E+00  0.00000E+00  0.00000E+00
2210  2.50000E-02  0.00000E+00  0.00000E+00  6.04227E-04  2.31716E+00  1.72643E-01  0.00000E+00  0.00000E+00  0.00000E+00  5.00000E-02  1.20934E-03  0.00000E+00  0.00000E+00  0.00000E+00
2220  2.50000E-02  0.00000E+00  0.00000E+00  6.03795E-04  2.31716E+00  1.72643E-01  0.00000E+00  0.00000E+00  0.00000E+00  5.00000E-02  1.20845E-03  0.00000E+00  0.00000E+00  0.00000E+00
2230  2.50000E-02  0.00000E+00  0.00000E+00  6.03373E-04  2.31754E+00  1.72617E-01  0.00000E+00  0.00000E+00  0.00000E+00  5.00000E-02  1.20759E-03  0.00000E+00  0.00000E+00  0.00000E+00
2240  2.50000E-02  0.00000E+00  0.00000E+00  6.02960E-04  2.31792E+00  1.72592E-01  0.00000E+00  0.00000E+00  0.00000E+00  5.00000E-02  1.20675E-03  0.00000E+00  0.00000E+00  0.00000E+00
2250  2.50000E-02  0.00000E+00  0.00000E+00  6.02554E-04  2.31830E+00  1.72566E-01  0.00000E+00  0.00000E+00  0.00000E+00  5.00000E-02  1.20592E-03  0.00000E+00  0.00000E+00  0.00000E+00
2260  2.50000E-02  0.00000E+00  0.00000E+00  6.02153E-04  2.31867E+00  1.72540E-01  0.00000E+00  0.00000E+00  0.00000E+00  5.00000E-02  1.20511E-03  0.00000E+00  0.00000E+00  0.00000E+00
2270  2.50000E-02  0.00000E+00  0.00000E+00  6.01759E-04  2.31906E+00  1.72514E-01  0.00000E+00  0.00000E+00  0.00000E+00  5.00000E-02  1.20431E-03  0.00000E+00  0.00000E+00  0.00000E+00
2280  2.50000E-02  0.00000E+00  0.00000E+00  6.01372E-04  2.31944E+00  1.72488E-01  0.00000E+00  0.00000E+00  0.00000E+00  5.00000E-02  1.20352E-03  0.00000E+00  0.00000E+00  0.00000E+00
2290  2.50000E-02  0.00000E+00  0.00000E+00  6.00993E-04  2.31982E+00  1.72461E-01  0.00000E+00  0.00000E+00  0.00000E+00  5.00000E-02  1.20274E-03  0.00000E+00  0.00000E+00  0.00000E+00
2300  2.50000E-02  0.00000E+00  0.00000E+00  6.00620E-04  2.32019E+00  1.72436E-01  0.00000E+00  0.00000E+00  0.00000E+00  5.00000E-02  1.20199E-03  0.00000E+00  0.00000E+00  0.00000E+00
2310  2.50000E-02  0.00000E+00  0.00000E+00  6.00251E-04  2.32019E+00  1.72436E-01  0.00000E+00  0.00000E+00  0.00000E+00  5.00000E-02  1.20124E-03  0.00000E+00  0.00000E+00  0.00000E+00
2320  2.50000E-02  0.00000E+00  0.00000E+00  5.99887E-04  2.32096E+00  1.72384E-01  0.00000E+00  0.00000E+00  0.00000E+00  5.00000E-02  1.20050E-03  0.00000E+00  0.00000E+00  0.00000E+00
2330  2.50000E-02  0.00000E+00  0.00000E+00  5.99528E-04  2.32134E+00  1.72358E-01  0.00000E+00  0.00000E+00  0.00000E+00  5.00000E-02  1.19977E-03  0.00000E+00  0.00000E+00  0.00000E+00
2340  2.50000E-02  0.00000E+00  0.00000E+00  5.99175E-04  2.32172E+00  1.72332E-01  0.00000E+00  0.00000E+00  0.00000E+00  5.00000E-02  1.19906E-03  0.00000E+00  0.00000E+00  0.00000E+00
2350  2.50000E-02  0.00000E+00  0.00000E+00  5.98829E-04  2.32172E+00  1.72332E-01  0.00000E+00  0.00000E+00  0.00000E+00  5.00000E-02  1.19835E-03  0.00000E+00  0.00000E+00  0.00000E+00
2360  2.50000E-02  0.00000E+00  0.00000E+00  5.98488E-04  2.32210E+00  1.72306E-01  0.00000E+00  0.00000E+00  0.00000E+00  5.00000E-02  1.19766E-03  0.00000E+00  0.00000E+00  0.00000E+00
2370  2.50000E-02  0.00000E+00  0.00000E+00  5.98150E-04  2.32249E+00  1.72280E-01  0.00000E+00  0.00000E+00  0.00000E+00  5.00000E-02  1.19698E-03  0.00000E+00  0.00000E+00  0.00000E+00
2380  2.50000E-02  0.00000E+00  0.00000E+00  5.97815E-04  2.32287E+00  1.72254E-01  0.00000E+00  0.00000E+00  0.00000E+00  5.00000E-02  1.19630E-03  0.00000E+00  0.00000E+00  0.00000E+00
2390  2.50000E-02  0.00000E+00  0.00000E+00  5.97484E-04  2.32326E+00  1.72229E-01  0.00000E+00  0.00000E+00  0.00000E+00  5.00000E-02  1.19563E-03  0.00000E+00  0.00000E+00  0.00000E+00
2400  2.50000E-02  0.00000E+00  0.00000E+00  5.97158E-04  2.32364E+00  1.72203E-01  0.00000E+00  0.00000E+00  0.00000E+00  5.00000E-02  1.19497E-03  0.00000E+00  0.00000E+00  0.00000E+00
2410  2.50000E-02  0.00000E+00  0.00000E+00  5.96837E-04  2.32403E+00  1.72177E-01  0.00000E+00  0.00000E+00  0.00000E+00  5.00000E-02  1.19432E-03  0.00000E+00  0.00000E+00  0.00000E+00
2420  2.50000E-02  0.00000E+00  0.00000E+00  5.96519E-04  2.32442E+00  1.72151E-01  0.00000E+00  0.00000E+00  0.00000E+00  5.00000E-02  1.19367E-03  0.00000E+00  0.00000E+00  0.00000E+00
2430  2.50000E-02  0.00000E+00  0.00000E+00  5.96205E-04  2.32480E+00  1.72125E-01  0.00000E+00  0.00000E+00  0.00000E+00  5.00000E-02  1.19304E-03  0.00000E+00  0.00000E+00  0.00000E+00
2440  2.50000E-02  0.00000E+00  0.00000E+00  5.95895E-04  2.32519E+00  1.72099E-01  0.00000E+00  0.00000E+00  0.00000E+00  5.00000E-02  1.19241E-03  0.00000E+00  0.00000E+00  0.00000E+00
2450  2.50000E-02  0.00000E+00  0.00000E+00  5.95587E-04  2.32558E+00  1.72074E-01  0.00000E+00  0.00000E+00  0.00000E+00  5.00000E-02  1.19179E-03  0.00000E+00  0.00000E+00  0.00000E+00
2460  2.50000E-02  0.00000E+00  0.00000E+00  5.95281E-04  2.32597E+00  1.72048E-01  0.00000E+00  0.00000E+00  0.00000E+00  5.00000E-02  1.19117E-03  0.00000E+00  0.00000E+00  0.00000E+00
2470  2.50000E-02  0.00000E+00  0.00000E+00  5.94978E-04  2.32635E+00  1.72022E-01  0.00000E+00  0.00000E+00  0.00000E+00  5.00000E-02  1.19056E-03  0.00000E+00  0.00000E+00  0.00000E+00
2480  2.50000E-02  0.00000E+00  0.00000E+00  5.94679E-04  2.32674E+00  1.71996E-01  0.00000E+00  0.00000E+00  0.00000E+00  5.00000E-02  1.18996E-03  0.00000E+00  0.00000E+00  0.00000E+00
2490  2.50000E-02  0.00000E+00  0.00000E+00  5.94383E-04  2.32713E+00  1.71971E-01  0.00000E+00  0.00000E+00  0.00000E+00  5.00000E-02  1.18936E-03  0.00000E+00  0.00000E+00  0.00000E+00
2500  2.50000E-02  0.00000E+00  0.00000E+00  5.94090E-04  2.32752E+00  1.71945E-01  0.00000E+00  0.00000E+00  0.00000E+00  5.00000E-02  1.18877E-03  0.00000E+00  0.00000E+00  0.00000E+00
2510  2.50000E-02  0.00000E+00  0.00000E+00  5.93800E-04  2.32791E+00  1.71919E-01  0.00000E+00  0.00000E+00  0.00000E+00  5.00000E-02  1.18818E-03  0.00000E+00  0.00000E+00  0.00000E+00
2520  2.50000E-02  0.00000E+00  0.00000E+00  5.93513E-04  2.32830E+00  1.71893E-01  0.00000E+00  0.00000E+00  0.00000E+00  5.00000E-02  1.18760E-03  0.00000E+00  0.00000E+00  0.00000E+00
2530  2.50000E-02  0.00000E+00  0.00000E+00  5.93228E-04  2.32869E+00  1.71868E-01  0.00000E+00  0.00000E+00  0.00000E+00  5.00000E-02  1.18703E-03  0.00000E+00  0.00000E+00  0.00000E+00
2540  2.50000E-02  0.00000E+00  0.00000E+00  5.92945E-04  2.32909E+00  1.71842E-01  0.00000E+00  0.00000E+00  0.00000E+00  5.00000E-02  1.18646E-03  0.00000E+00  0.00000E+00  0.00000E+00
2550  2.50000E-02  0.00000E+00  0.00000E+00  5.92663E-04  2.32988E+00  1.71791E-01  0.00000E+00  0.00000E+00  0.00000E+00  5.00000E-02  1.18589E-03  0.00000E+00  0.00000E+00  0.00000E+00
2560  2.50000E-02  0.00000E+00  0.00000E+00  5.92382E-04  2.33028E+00  1.71765E-01  0.00000E+00  0.00000E+00  0.00000E+00  5.00000E-02  1.18533E-03  0.00000E+00  0.00000E+00  0.00000E+00
2570  2.50000E-02  0.00000E+00  0.00000E+00  5.92102E-04  2.33067E+00  1.71739E-01  0.00000E+00  0.00000E+00  0.00000E+00  5.00000E-02  1.18476E-03  0.00000E+00  0.00000E+00  0.00000E+00
2580  2.50000E-02  0.00000E+00  0.00000E+00  5.91824E-04  2.33107E+00  1.71714E-01  0.00000E+00  0.00000E+00  0.00000E+00  5.00000E-02  1.18420E-03  0.00000E+00  0.00000E+00  0.00000E+00
2590  2.50000E-02  0.00000E+00  0.00000E+00  5.91548E-04  2.33147E+00  1.71688E-01  0.00000E+00  0.00000E+00  0.00000E+00  5.00000E-02  1.18365E-03  0.00000E+00  0.00000E+00  0.00000E+00
2600  2.50000E-02  0.00000E+00  0.00000E+00  5.91273E-04  2.33187E+00  1.71662E-01  0.00000E+00  0.00000E+00  0.00000E+00  5.00000E-02  1.18310E-03  0.00000E+00  0.00000E+00  0.00000E+00
2610  2.50000E-02  0.00000E+00  0.00000E+00  5.90999E-04  2.33227E+00  1.71637E-01  0.00000E+00  0.00000E+00  0.00000E+00  5.00000E-02  1.18255E-03  0.00000E+00  0.00000E+00  0.00000E+00
2620  2.50000E-02  0.00000E+00  0.00000E+00  5.90727E-04  2.33267E+00  1.71611E-01  0.00000E+00  0.00000E+00  0.00000E+00  5.00000E-02  1.18200E-03  0.00000E+00  0.00000E+00  0.00000E+00
2630  2.50000E-02  0.00000E+00  0.00000E+00  5.90456E-04  2.33307E+00  1.71585E-01  0.00000E+00  0.00000E+00  0.00000E+00  5.00000E-02  1.18145E-03  0.00000E+00  0.00000E+00  0.00000E+00
2640  2.50000E-02  0.00000E+00  0.00000E+00  5.90186E-04  2.33347E+00  1.71560E-01  0.00000E+00  0.00000E+00  0.00000E+00  5.00000E-02  1.18091E-03  0.00000E+00  0.00000E+00  0.00000E+00
2650  2.50000E-02  0.00000E+00  0.00000E+00  5.89917E-04  2.33388E+00  1.71534E-01  0.00000E+00  0.00000E+00  0.00000E+00  5.00000E-02  1.18037E-03  0.00000E+00  0.00000E+00  0.00000E+00
2660  2.50000E-02  0.00000E+00  0.00000E+00  5.89649E-04  2.33428E+00  1.71509E-01  0.00000E+00  0.00000E+00  0.00000E+00  5.00000E-02  1.17983E-03  0.00000E+00  0.00000E+00  0.00000E+00
2670  2.50000E-02  0.00000E+00  0.00000E+00  5.89381E-04  2.33469E+00  1.71483E-01  0.00000E+00  0.00000E+00  0.00000E+00  5.00000E-02  1.17930E-03  0.00000E+00  0.00000E+00  0.00000E+00
2680  2.50000E-02  0.00000E+00  0.00000E+00  5.89114E-04  2.33510E+00  1.71457E-01  0.00000E+00  0.00000E+00  0.00000E+00  5.00000E-02  1.17876E-03  0.00000E+00  0.00000E+00  0.00000E+00
2690  2.50000E-02  0.00000E+00  0.00000E+00  5.88848E-04  2.33551E+00  1.71431E-01  0.00000E+00  0.00000E+00  0.00000E+00  5.00000E-02  1.17823E-03  0.00000E+00  0.00000E+00  0.00000E+00
2700  2.50000E-02  0.00000E+00  0.00000E+00  5.88582E-04  2.33591E+00  1.71406E-01  0.00000E+00  0.00000E+00  0.00000E+00  5.00000E-02  1.17770E-03  0.00000E+00  0.00000E+00  0.00000E+00
2710  2.50000E-02  0.00000E+00  0.00000E+00  5.88316E-04  2.33627E+00  1.71380E-01  0.00000E+00  0.00000E+00  0.00000E+00  5.00000E-02  1.17716E-03  0.00000E+00  0.00000E+00  0.00000E+00
2720  2.50000E-02  0.00000E+00  0.00000E+00  5.88051E-04  2.33664E+00  1.71355E-01  0.00000E+00  0.00000E+00  0.00000E+00  5.00000E-02  1.17663E-03  0.00000E+00  0.00000E+00  0.00000E+00
2730  2.50000E-02  0.00000E+00  0.00000E+00  5.87786E-04  2.33700E+00  1.71329E-01  0.00000E+00  0.00000E+00  0.00000E+00  5.00000E-02  1.17610E-03  0.00000E+00  0.00000E+00  0.00000E+00
2740  2.50000E-02  0.00000E+00  0.00000E+00  5.87521E-04  2.33737E+00  1.71303E-01  0.00000E+00  0.00000E+00  0.00000E+00  5.00000E-02  1.17557E-03  0.00000E+00  0.00000E+00  0.00000E+00
2750  2.50000E-02  0.00000E+00  0.00000E+00  5.87257E-04  2.33773E+00  1.71278E-01  0.00000E+00  0.00000E+00  0.00000E+00  5.00000E-02  1.17504E-03  0.00000E+00  0.00000E+00  0.00000E+00
2760  2.50000E-02  0.00000E+00  0.00000E+00  5.86992E-04  2.33809E+00  1.71252E-01  0.00000E+00  0.00000E+00  0.00000E+00  5.00000E-02  1.17451E-03  0.00000E+00  0.00000E+00  0.00000E+00
2770  2.50000E-02  0.00000E+00  0.00000E+00  5.86728E-04  2.33846E+00  1.71227E-01  0.00000E+00  0.00000E+00  0.00000E+00  5.00000E-02  1.17398E-03  0.00000E+00  0.00000E+00  0.00000E+00
2780  2.50000E-02  0.00000E+00  0.00000E+00  5.86463E-04  2.33883E+00  1.71202E-01  0.00000E+00  0.00000E+00  0.00000E+00  5.00000E-02  1.17346E-03  0.00000E+00  0.00000E+00  0.00000E+00
2790  2.50000E-02  0.00000E+00  0.00000E+00  5.86199E-04  2.33919E+00  1.71176E-01  0.00000E+00  0.00000E+00  0.00000E+00  5.00000E-02  1.17293E-03  0.00000E+00  0.00000E+00  0.00000E+00
2800  2.50000E-02  0.00000E+00  0.00000E+00  5.85934E-04  2.33956E+00  1.71150E-01  0.00000E+00  0.00000E+00  0.00000E+00  5.00000E-02  1.17240E-03  0.00000E+00  0.00000E+00  0.00000E+00
2810  2.50000E-02  0.00000E+00  0.00000E+00  5.85669E-04  2.33993E+00  1.71125E-01  0.00000E+00  0.00000E+00  0.00000E+00  5.00000E-02  1.17187E-03  0.00000E+00  0.00000E+00  0.00000E+00
2820  2.50000E-02  0.00000E+00  0.00000E+00  5.85403E-04  2.34029E+00  1.71099E-01  0.00000E+00  0.00000E+00  0.00000E+00  5.00000E-02  1.17134E-03  0.00000E+00  0.00000E+00  0.00000E+00
2830  2.50000E-02  0.00000E+00  0.00000E+00  5.85138E-04  2.34065E+00  1.71074E-01  0.00000E+00  0.00000E+00  0.00000E+00  5.00000E-02  1.17081E-03  0.00000E+00  0.00000E+00  0.00000E+00
2840  2.50000E-02  0.00000E+00  0.00000E+00  5.84873E-04  2.34102E+00  1.71049E-01  0.00000E+00  0.00000E+00  0.00000E+00  5.00000E-02  1.17028E-03  0.00000E+00  0.00000E+00  0.00000E+00
2850  2.50000E-02  0.00000E+00  0.00000E+00  5.84607E-04  2.34139E+00  1.71023E-01  0.00000E+00  0.00000E+00  0.00000E+00  5.00000E-02  1.16975E-03  0.00000E+00  0.00000E+00  0.00000E+00
2860  2.50000E-02  0.00000E+00  0.00000E+00  5.84341E-04  2.34176E+00  1.70998E-01  0.00000E+00  0.00000E+00  0.00000E+00  5.00000E-02  1.16921E-03  0.00000E+00  0.00000E+00  0.00000E+00
2870  2.50000E-02  0.00000E+00  0.00000E+00  5.84076E-04  2.34213E+00  1.70972E-01  0.00000E+00  0.00000E+00  0.00000E+00  5.00000E-02  1.16868E-03  0.00000E+00  0.00000E+00  0.00000E+00
2880  2.50000E-02  0.00000E+00  0.00000E+00  5.83809E-04  2.34249E+00  1.70947E-01  0.00000E+00  0.00000E+00  0.00000E+00  5.00000E-02  1.16815E-03  0.00000E+00  0.00000E+00  0.00000E+00
2890  2.50000E-02  0.00000E+00  0.00000E+00  5.83543E-04  2.34286E+00  1.70921E-01  0.00000E+00  0.00000E+00  0.00000E+00  5.00000E-02  1.16762E-03  0.00000E+00  0.00000E+00  0.00000E+00
2900  2.50000E-02  0.00000E+00  0.00000E+00  5.83275E-04  2.34360E+00  1.70871E-01  0.00000E+00  0.00000E+00  0.00000E+00  5.00000E-02  1.16709E-03  0.00000E+00  0.00000E+00  0.00000E+00
2910  2.50000E-02  0.00000E+00  0.00000E+00  5.83007E-04  2.34397E+00  1.70845E-01  0.00000E+00  0.00000E+00  0.00000E+00  5.00000E-02  1.16655E-03  0.00000E+00  0.00000E+00  0.00000E+00
2920  2.50000E-02  0.00000E+00  0.00000E+00  5.82739E-04  2.34397E+00  1.70845E-01  0.00000E+00  0.00000E+00  0.00000E+00  5.00000E-02  1.16601E-03  0.00000E+00  0.00000E+00  0.00000E+00
2930  2.50000E-02  0.00000E+00  0.00000E+00  5.82472E-04  2.34434E+00  1.70820E-01  0.00000E+00  0.00000E+00  0.00000E+00  5.00000E-02  1.16548E-03  0.00000E+00  0.00000E+00  0.00000E+00
2940  2.50000E-02  0.00000E+00  0.00000E+00  5.82202E-04  2.34508E+00  1.70769E-01  0.00000E+00  0.00000E+00  0.00000E+00  5.00000E-02  1.16494E-03  0.00000E+00  0.00000E+00  0.00000E+00
2950  2.50000E-02  0.00000E+00  0.00000E+00  5.81933E-04  2.34545E+00  1.70744E-01  0.00000E+00  0.00000E+00  0.00000E+00  5.00000E-02  1.16440E-03  0.00000E+00  0.00000E+00  0.00000E+00
2960  2.50000E-02  0.00000E+00  0.00000E+00  5.81664E-04  2.34545E+00  1.70744E-01  0.00000E+00  0.00000E+00  0.00000E+00  5.00000E-02  1.16387E-03  0.00000E+00  0.00000E+00  0.00000E+00
2970  2.50000E-02  0.00000E+00  0.00000E+00  5.81395E-04  2.34582E+00  1.70719E-01  0.00000E+00  0.00000E+00  0.00000E+00  5.00000E-02  1.16333E-03  0.00000E+00  0.00000E+00  0.00000E+00
2980  2.50000E-02  0.00000E+00  0.00000E+00  5.81125E-04  2.34620E+00  1.70693E-01  0.00000E+00  0.00000E+00  0.00000E+00  5.00000E-02  1.16279E-03  0.00000E+00  0.00000E+00  0.00000E+00
2990  2.50000E-02  0.00000E+00  0.00000E+00  5.80855E-04  2.34657E+00  1.70668E-01  0.00000E+00  0.00000E+00  0.00000E+00  5.00000E-02  1.16225E-03  0.00000E+00  0.00000E+00  0.00000E+00
3000  2.50000E-02  0.00000E+00  0.00000E+00  5.80585E-04  2.34694E+00  1.70643E-01  0.00000E+00  0.00000E+00  0.00000E+00  5.00000E-02  1.16171E-03  0.00000E+00  0.00000E+00  0.00000E+00
3010  2.50000E-02  0.00000E+00  0.00000E+00  5.80313E-04  2.34731E+00  1.70617E-01  0.00000E+00  0.00000E+00  0.00000E+00  5.00000E-02  1.16117E-03  0.00000E+00  0.00000E+00  0.00000E+00
3020  2.50000E-02  0.00000E+00  0.00000E+00  5.80042E-04  2.34769E+00  1.70592E-01  0.00000E+00  0.00000E+00  0.00000E+00  5.00000E-02  1.16063E-03  0.00000E+00  0.00000E+00  0.00000E+00
3030  2.50000E-02  0.00000E+00  0.00000E+00  5.79770E-04  2.34806E+00  1.70567E-01  0.00000E+00  0.00000E+00  0.00000E+00  5.00000E-02  1.16008E-03  0.00000E+00  0.00000E+00  0.00000E+00
3040  2.50000E-02  0.00000E+00  0.00000E+00  5.79497E-04  2.34843E+00  1.70542E-01  0.00000E+00  0.00000E+00  0.00000E+00  5.00000E-02  1.15954E-03  0.00000E+00  0.00000E+00  0.00000E+00
3050  2.50000E-02  0.00000E+00  0.00000E+00  5.79224E-04  2.34881E+00  1.70516E-01  0.00000E+00  0.00000E+00  0.00000E+00  5.00000E-02  1.15899E-03  0.00000E+00  0.00000E+00  0.00000E+00
3060  2.50000E-02  0.00000E+00  0.00000E+00  5.78950E-04  2.34918E+00  1.70491E-01  0.00000E+00  0.00000E+00  0.00000E+00  5.00000E-02  1.15845E-03  0.00000E+00  0.00000E+00  0.00000E+00
3070  2.50000E-02  0.00000E+00  0.00000E+00  5.78676E-04  2.34956E+00  1.70466E-01  0.00000E+00  0.00000E+00  0.00000E+00  5.00000E-02  1.15790E-03  0.00000E+00  0.00000E+00  0.00000E+00
3080  2.50000E-02  0.00000E+00  0.00000E+00  5.78401E-04  2.34993E+00  1.70441E-01  0.00000E+00  0.00000E+00  0.00000E+00  5.00000E-02  1.15735E-03  0.00000E+00  0.00000E+00  0.00000E+00
3090  2.50000E-02  0.00000E+00  0.00000E+00  5.78125E-04  2.35031E+00  1.70415E-01  0.00000E+00  0.00000E+00  0.00000E+00  5.00000E-02  1.15680E-03  0.00000E+00  0.00000E+00  0.00000E+00
3100  2.50000E-02  0.00000E+00  0.00000E+00  5.77849E-04  2.35069E+00  1.70390E-01  0.00000E+00  0.00000E+00  0.00000E+00  5.00000E-02  1.15625E-03  0.00000E+00  0.00000E+00  0.00000E+00
3110  2.50000E-02  0.00000E+00  0.00000E+00  5.77573E-04  2.35107E+00  1.70365E-01  0.00000E+00  0.00000E+00  0.00000E+00  5.00000E-02  1.15570E-03  0.00000E+00  0.00000E+00  0.00000E+00
3120  2.50000E-02  0.00000E+00  0.00000E+00  5.77296E-04  2.35144E+00  1.70340E-01  0.00000E+00  0.00000E+00  0.00000E+00  5.00000E-02  1.15515E-03  0.00000E+00  0.00000E+00  0.00000E+00
3130  2.50000E-02  0.00000E+00  0.00000E+00  5.77019E-04  2.35182E+00  1.70314E-01  0.00000E+00  0.00000E+00  0.00000E+00  5.00000E-02  1.15459E-03  0.00000E+00  0.00000E+00  0.00000E+00
3140  2.50000E-02  0.00000E+00  0.00000E+00  5.76741E-04  2.35220E+00  1.70289E-01  0.00000E+00  0.00000E+00  0.00000E+00  5.00000E-02  1.15404E-03  0.00000E+00  0.00000E+00  0.00000E+00
3150  2.50000E-02  0.00000E+00  0.00000E+00  5.76465E-04  2.35220E+00  1.70289E-01  0.00000E+00  0.00000E+00  0.00000E+00  5.00000E-02  1.15348E-03  0.00000E+00  0.00000E+00  0.00000E+00
3160  2.50000E-02  0.00000E+00  0.00000E+00  5.76189E-04  2.35258E+00  1.70264E-01  0.00000E+00  0.00000E+00  0.00000E+00  5.00000E-02  1.15293E-03  0.00000E+00  0.00000E+00  0.00000E+00
3170  2.50000E-02  0.00000E+00  0.00000E+00  5.75912E-04  2.35296E+00  1.70239E-01  0.00000E+00  0.00000E+00  0.00000E+00  5.00000E-02  1.15238E-03  0.00000E+00  0.00000E+00  0.00000E+00
3180  2.50000E-02  0.00000E+00  0.00000E+00  5.75636E-04  2.35334E+00  1.70214E-01  0.00000E+00  0.00000E+00  0.00000E+00  5.00000E-02  1.15182E-03  0.00000E+00  0.00000E+00  0.00000E+00
3190  2.50000E-02  0.00000E+00  0.00000E+00  5.75360E-04  2.35372E+00  1.70189E-01  0.00000E+00  0.00000E+00  0.00000E+00  5.00000E-02  1.15127E-03  0.00000E+00  0.00000E+00  0.00000E+00
3200  2.50000E-02  0.00000E+00  0.00000E+00  5.75083E-04  2.35411E+00  1.70164E-01  0.00000E+00  0.00000E+00  0.00000E+00  5.00000E-02  1.15072E-03  0.00000E+00  0.00000E+00  0.00000E+00
3210  2.50000E-02  0.00000E+00  0.00000E+00  5.74809E-04  2.35411E+00  1.70164E-01  0.00000E+00  0.00000E+00  0.00000E+00  5.00000E-02  1.15017E-03  0.00000E+00  0.00000E+00  0.00000E+00
3220  2.50000E-02  0.00000E+00  0.00000E+00  5.74535E-04  2.35449E+00  1.70139E-01  0.00000E+00  0.00000E+00  0.00000E+00  5.00000E-02  1.14962E-03  0.00000E+00  0.00000E+00  0.00000E+00
3230  2.50000E-02  0.00000E+00  0.00000E+00  5.74261E-04  2.35487E+00  1.70114E-01  0.00000E+00  0.00000E+00  0.00000E+00  5.00000E-02  1.14907E-03  0.00000E+00  0.00000E+00  0.00000E+00
3240  2.50000E-02  0.00000E+00  0.00000E+00  5.73988E-04  2.35525E+00  1.70088E-01  0.00000E+00  0.00000E+00  0.00000E+00  5.00000E-02  1.14852E-03  0.00000E+00  0.00000E+00  0.00000E+00
3250  2.50000E-02  0.00000E+00  0.00000E+00  5.73715E-04  2.35564E+00  1.70063E-01  0.00000E+00  0.00000E+00  0.00000E+00  5.00000E-02  1.14798E-03  0.00000E+00  0.00000E+00  0.00000E+00
3260  2.50000E-02  0.00000E+00  0.00000E+00  5.73445E-04  2.35564E+00  1.70063E-01  0.00000E+00  0.00000E+00  0.00000E+00  5.00000E-02  1.14743E-03  0.00000E+00  0.00000E+00  0.00000E+00
3270  2.50000E-02  0.00000E+00  0.00000E+00  5.73175E-04  2.35603E+00  1.70038E-01  0.00000E+00  0.00000E+00  0.00000E+00  5.00000E-02  1.14689E-03  0.00000E+00  0.00000E+00  0.00000E+00
3280  2.50000E-02  0.00000E+00  0.00000E+00  5.72905E-04  2.35641E+00  1.70013E-01  0.00000E+00  0.00000E+00  0.00000E+00  5.00000E-02  1.14635E-03  0.00000E+00  0.00000E+00  0.00000E+00
3290  2.50000E-02  0.00000E+00  0.00000E+00  5.72636E-04  2.35680E+00  1.69988E-01  0.00000E+00  0.00000E+00  0.00000E+00  5.00000E-02  1.14581E-03  0.00000E+00  0.00000E+00  0.00000E+00
3300  2.50000E-02  0.00000E+00  0.00000E+00  5.72370E-04  2.35680E+00  1.69988E-01  0.00000E+00  0.00000E+00  0.00000E+00  5.00000E-02  1.14527E-03  0.00000E+00  0.00000E+00  0.00000E+00
3310  2.50000E-02  0.00000E+00  0.00000E+00  5.72104E-04  2.35719E+00  1.69963E-01  0.00000E+00  0.00000E+00  0.00000E+00  5.00000E-02  1.14474E-03  0.00000E+00  0.00000E+00  0.00000E+00
3320  2.50000E-02  0.00000E+00  0.00000E+00  5.71838E-04  2.35758E+00  1.69938E-01  0.00000E+00  0.00000E+00  0.00000E+00  5.00000E-02  1.14421E-03  0.00000E+00  0.00000E+00  0.00000E+00
3330  2.50000E-02  0.00000E+00  0.00000E+00  5.71575E-04  2.35758E+00  1.69938E-01  0.00000E+00  0.00000E+00  0.00000E+00  5.00000E-02  1.14368E-03  0.00000E+00  0.00000E+00  0.00000E+00
3340  2.50000E-02  0.00000E+00  0.00000E+00  5.71312E-04  2.35796E+00  1.69913E-01  0.00000E+00  0.00000E+00  0.00000E+00  5.00000E-02  1.14315E-03  0.00000E+00  0.00000E+00  0.00000E+00
3350  2.50000E-02  0.00000E+00  0.00000E+00  5.71050E-04  2.35835E+00  1.69888E-01  0.00000E+00  0.00000E+00  0.00000E+00  5.00000E-02  1.14262E-03  0.00000E+00  0.00000E+00  0.00000E+00
3360  2.50000E-02  0.00000E+00  0.00000E+00  5.70789E-04  2.35835E+00  1.69888E-01  0.00000E+00  0.00000E+00  0.00000E+00  5.00000E-02  1.14210E-03  0.00000E+00  0.00000E+00  0.00000E+00
3370  2.50000E-02  0.00000E+00  0.00000E+00  5.70529E-04  2.35871E+00  1.69863E-01  0.00000E+00  0.00000E+00  0.00000E+00  5.00000E-02  1.14158E-03  0.00000E+00  0.00000E+00  0.00000E+00
3380  2.50000E-02  0.00000E+00  0.00000E+00  5.70268E-04  2.35906E+00  1.69838E-01  0.00000E+00  0.00000E+00  0.00000E+00  5.00000E-02  1.14106E-03  0.00000E+00  0.00000E+00  0.00000E+00
3390  2.50000E-02  0.00000E+00  0.00000E+00  5.70010E-04  2.35906E+00  1.69838E-01  0.00000E+00  0.00000E+00  0.00000E+00  5.00000E-02  1.14054E-03  0.00000E+00  0.00000E+00  0.00000E+00
3400  2.50000E-02  0.00000E+00  0.00000E+00  5.69752E-04  2.35941E+00  1.69813E-01  0.00000E+00  0.00000E+00  0.00000E+00  5.00000E-02  1.14002E-03  0.00000E+00  0.00000E+00  0.00000E+00
3410  2.50000E-02  0.00000E+00  0.00000E+00  5.69497E-04  2.35941E+00  1.69813E-01  0.00000E+00  0.00000E+00  0.00000E+00  5.00000E-02  1.13950E-03  0.00000E+00  0.00000E+00  0.00000E+00
3420  2.50000E-02  0.00000E+00  0.00000E+00  5.69241E-04  2.35976E+00  1.69788E-01  0.00000E+00  0.00000E+00  0.00000E+00  5.00000E-02  1.13899E-03  0.00000E+00  0.00000E+00  0.00000E+00
3430  2.50000E-02  0.00000E+00  0.00000E+00  5.68988E-04  2.35976E+00  1.69788E-01  0.00000E+00  0.00000E+00  0.00000E+00  5.00000E-02  1.13848E-03  0.00000E+00  0.00000E+00  0.00000E+00
3440  2.50000E-02  0.00000E+00  0.00000E+00  5.68735E-04  2.36011E+00  1.69763E-01  0.00000E+00  0.00000E+00  0.00000E+00  5.00000E-02  1.13798E-03  0.00000E+00  0.00000E+00  0.00000E+00
3450  2.50000E-02  0.00000E+00  0.00000E+00  5.68483E-04  2.36011E+00  1.69763E-01  0.00000E+00  0.00000E+00  0.00000E+00  5.00000E-02  1.13747E-03  0.00000E+00  0.00000E+00  0.00000E+00
3460  2.50000E-02  0.00000E+00  0.00000E+00  5.68233E-04  2.36046E+00  1.69738E-01  0.00000E+00  0.00000E+00  0.00000E+00  5.00000E-02  1.13697E-03  0.00000E+00  0.00000E+00  0.00000E+00
3470  2.50000E-02  0.00000E+00  0.00000E+00  5.67984E-04  2.36046E+00  1.69738E-01  0.00000E+00  0.00000E+00  0.00000E+00  5.00000E-02  1.13647E-03  0.00000E+00  0.00000E+00  0.00000E+00
3480  2.50000E-02  0.00000E+00  0.00000E+00  5.67736E-04  2.36082E+00  1.69713E-01  0.00000E+00  0.00000E+00  0.00000E+00  5.00000E-02  1.13597E-03  0.00000E+00  0.00000E+00  0.00000E+00
3490  2.50000E-02  0.00000E+00  0.00000E+00  5.67490E-04  2.36082E+00  1.69713E-01  0.00000E+00  0.00000E+00  0.00000E+00  5.00000E-02  1.13547E-03  0.00000E+00  0.00000E+00  0.00000E+00
3500  2.50000E-02  0.00000E+00  0.00000E+00  5.67245E-04  2.36117E+00  1.69688E-01  0.00000E+00  0.00000E+00  0.00000E+00  5.00000E-02  1.13498E-03  0.00000E+00  0.00000E+00  0.00000E+00
3510  2.50000E-02  0.00000E+00  0.00000E+00  5.67002E-04  2.36117E+00  1.69688E-01  0.00000E+00  0.00000E+00  0.00000E+00  5.00000E-02  1.13449E-03  0.00000E+00  0.00000E+00  0.00000E+00
3520  2.50000E-02  0.00000E+00  0.00000E+00  5.66759E-04  2.36152E+00  1.69663E-01  0.00000E+00  0.00000E+00  0.00000E+00  5.00000E-02  1.13400E-03  0.00000E+00  0.00000E+00  0.00000E+00
3530  2.50000E-02  0.00000E+00  0.00000E+00  5.66519E-04  2.36152E+00  1.69663E-01  0.00000E+00  0.00000E+00  0.00000E+00  5.00000E-02  1.13352E-03  0.00000E+00  0.00000E+00  0.00000E+00
3540  2.50000E-02  0.00000E+00  0.00000E+00  5.66279E-04  2.36188E+00  1.69638E-01  0.00000E+00  0.00000E+00  0.00000E+00  5.00000E-02  1.13304E-03  0.00000E+00  0.00000E+00  0.00000E+00
3550  2.50000E-02  0.00000E+00  0.00000E+00  5.66042E-04  2.36188E+00  1.69638E-01  0.00000E+00  0.00000E+00  0.00000E+00  5.00000E-02  1.13256E-03  0.00000E+00  0.00000E+00  0.00000E+00
3560  2.50000E-02  0.00000E+00  0.00000E+00  5.65808E-04  2.36188E+00  1.69638E-01  0.00000E+00  0.00000E+00  0.00000E+00  5.00000E-02  1.13208E-03  0.00000E+00  0.00000E+00  0.00000E+00
3570  2.50000E-02  0.00000E+00  0.00000E+00  5.65574E-04  2.36223E+00  1.69613E-01  0.00000E+00  0.00000E+00  0.00000E+00  5.00000E-02  1.13162E-03  0.00000E+00  0.00000E+00  0.00000E+00
3580  2.50000E-02  0.00000E+00  0.00000E+00  5.65343E-04  2.36223E+00  1.69613E-01  0.00000E+00  0.00000E+00  0.00000E+00  5.00000E-02  1.13115E-03  0.00000E+00  0.00000E+00  0.00000E+00
3590  2.50000E-02  0.00000E+00  0.00000E+00  5.65115E-04  2.36223E+00  1.69613E-01  0.00000E+00  0.00000E+00  0.00000E+00  5.00000E-02  1.13069E-03  0.00000E+00  0.00000E+00  0.00000E+00
3600  2.50000E-02  0.00000E+00  0.00000E+00  5.64887E-04  2.36258E+00  1.69588E-01  0.00000E+00  0.00000E+00  0.00000E+00  5.00000E-02  1.13023E-03  0.00000E+00  0.00000E+00  0.00000E+00
3610  2.50000E-02  0.00000E+00  0.00000E+00  5.64662E-04  2.36258E+00  1.69588E-01  0.00000E+00  0.00000E+00  0.00000E+00  5.00000E-02  1.12977E-03  0.00000E+00  0.00000E+00  0.00000E+00
3620  2.50000E-02  0.00000E+00  0.00000E+00  5.64437E-04  2.36294E+00  1.69563E-01  0.00000E+00  0.00000E+00  0.00000E+00  5.00000E-02  1.12932E-03  0.00000E+00  0.00000E+00  0.00000E+00
3630  2.50000E-02  0.00000E+00  0.00000E+00  5.64215E-04  2.36294E+00  1.69563E-01  0.00000E+00  0.00000E+00  0.00000E+00  5.00000E-02  1.12887E-03  0.00000E+00  0.00000E+00  0.00000E+00
3640  2.50000E-02  0.00000E+00  0.00000E+00  5.63995E-04  2.36294E+00  1.69563E-01  0.00000E+00  0.00000E+00  0.00000E+00  5.00000E-02  1.12843E-03  0.00000E+00  0.00000E+00  0.00000E+00
3650  2.50000E-02  0.00000E+00  0.00000E+00  5.63776E-04  2.36329E+00  1.69538E-01  0.00000E+00  0.00000E+00  0.00000E+00  5.00000E-02  1.12799E-03  0.00000E+00  0.00000E+00  0.00000E+00
3660  2.50000E-02  0.00000E+00  0.00000E+00  5.63561E-04  2.36329E+00  1.69538E-01  0.00000E+00  0.00000E+00  0.00000E+00  5.00000E-02  1.12755E-03  0.00000E+00  0.00000E+00  0.00000E+00
3670  2.50000E-02  0.00000E+00  0.00000E+00  5.63347E-04  2.36329E+00  1.69538E-01  0.00000E+00  0.00000E+00  0.00000E+00  5.00000E-02  1.12712E-03  0.00000E+00  0.00000E+00  0.00000E+00
3680  2.50000E-02  0.00000E+00  0.00000E+00  5.63137E-04  2.36329E+00  1.69538E-01  0.00000E+00  0.00000E+00  0.00000E+00  5.00000E-02  1.12669E-03  0.00000E+00  0.00000E+00  0.00000E+00
3690  2.50000E-02  0.00000E+00  0.00000E+00  5.62928E-04  2.36365E+00  1.69513E-01  0.00000E+00  0.00000E+00  0.00000E+00  5.00000E-02  1.12627E-03  0.00000E+00  0.00000E+00  0.00000E+00
3700  2.50000E-02  0.00000E+00  0.00000E+00  5.62722E-04  2.36365E+00  1.69513E-01  0.00000E+00  0.00000E+00  0.00000E+00  5.00000E-02  1.12586E-03  0.00000E+00  0.00000E+00  0.00000E+00
3710  2.50000E-02  0.00000E+00  0.00000E+00  5.62519E-04  2.36365E+00  1.69513E-01  0.00000E+00  0.00000E+00  0.00000E+00  5.00000E-02  1.12544E-03  0.00000E+00  0.00000E+00  0.00000E+00
3720  2.50000E-02  0.00000E+00  0.00000E+00  5.62319E-04  2.36365E+00  1.69513E-01  0.00000E+00  0.00000E+00  0.00000E+00  5.00000E-02  1.12504E-03  0.00000E+00  0.00000E+00  0.00000E+00
3730  2.50000E-02  0.00000E+00  0.00000E+00  5.62120E-04  2.36401E+00  1.69489E-01  0.00000E+00  0.00000E+00  0.00000E+00  5.00000E-02  1.12464E-03  0.00000E+00  0.00000E+00  0.00000E+00
3740  2.50000E-02  0.00000E+00  0.00000E+00  5.61924E-04  2.36401E+00  1.69489E-01  0.00000E+00  0.00000E+00  0.00000E+00  5.00000E-02  1.12424E-03  0.00000E+00  0.00000E+00  0.00000E+00
3750  2.50000E-02  0.00000E+00  0.00000E+00  5.61732E-04  2.36401E+00  1.69489E-01  0.00000E+00  0.00000E+00  0.00000E+00  5.00000E-02  1.12385E-03  0.00000E+00  0.00000E+00  0.00000E+00
3760  2.50000E-02  0.00000E+00  0.00000E+00  5.61543E-04  2.36401E+00  1.69489E-01  0.00000E+00  0.00000E+00  0.00000E+00  5.00000E-02  1.12346E-03  0.00000E+00  0.00000E+00  0.00000E+00
3770  2.50000E-02  0.00000E+00  0.00000E+00  5.61355E-04  2.36436E+00  1.69464E-01  0.00000E+00  0.00000E+00  0.00000E+00  5.00000E-02  1.12309E-03  0.00000E+00  0.00000E+00  0.00000E+00
3780  2.50000E-02  0.00000E+00  0.00000E+00  5.61168E-04  2.36436E+00  1.69464E-01  0.00000E+00  0.00000E+00  0.00000E+00  5.00000E-02  1.12271E-03  0.00000E+00  0.00000E+00  0.00000E+00
3790  2.50000E-02  0.00000E+00  0.00000E+00  5.60985E-04  2.36436E+00  1.69464E-01  0.00000E+00  0.00000E+00  0.00000E+00  5.00000E-02  1.12234E-03  0.00000E+00  0.00000E+00  0.00000E+00
3800  2.50000E-02  0.00000E+00  0.00000E+00  5.60805E-04  2.36436E+00  1.69464E-01  0.00000E+00  0.00000E+00  0.00000E+00  5.00000E-02  1.12197E-03  0.00000E+00  0.00000E+00  0.00000E+00
3810  2.50000E-02  0.00000E+00  0.00000E+00  5.60629E-04  2.36436E+00  1.69464E-01  0.00000E+00  0.00000E+00  0.00000E+00  5.00000E-02  1.12161E-03  0.00000E+00  0.00000E+00  0.00000E+00
3820  2.50000E-02  0.00000E+00  0.00000E+00  5.60454E-04  2.36471E+00  1.69439E-01  0.00000E+00  0.00000E+00  0.00000E+00  5.00000E-02  1.12126E-03  0.00000E+00  0.00000E+00  0.00000E+00
3830  2.50000E-02  0.00000E+00  0.00000E+00  5.60283E-04  2.36471E+00  1.69439E-01  0.00000E+00  0.00000E+00  0.00000E+00  5.00000E-02  1.12091E-03  0.00000E+00  0.00000E+00  0.00000E+00
3840  2.50000E-02  0.00000E+00  0.00000E+00  5.60115E-04  2.36471E+00  1.69439E-01  0.00000E+00  0.00000E+00  0.00000E+00  5.00000E-02  1.12057E-03  0.00000E+00  0.00000E+00  0.00000E+00
3850  2.50000E-02  0.00000E+00  0.00000E+00  5.59950E-04  2.36471E+00  1.69439E-01  0.00000E+00  0.00000E+00  0.00000E+00  5.00000E-02  1.12023E-03  0.00000E+00  0.00000E+00  0.00000E+00
3860  2.50000E-02  0.00000E+00  0.00000E+00  5.59789E-04  2.36471E+00  1.69439E-01  0.00000E+00  0.00000E+00  0.00000E+00  5.00000E-02  1.11990E-03  0.00000E+00  0.00000E+00  0.00000E+00
3870  2.50000E-02  0.00000E+00  0.00000E+00  5.59629E-04  2.36507E+00  1.69414E-01  0.00000E+00  0.00000E+00  0.00000E+00  5.00000E-02  1.11958E-03  0.00000E+00  0.00000E+00  0.00000E+00
3880  2.50000E-02  0.00000E+00  0.00000E+00  5.59473E-04  2.36507E+00  1.69414E-01  0.00000E+00  0.00000E+00  0.00000E+00  5.00000E-02  1.11926E-03  0.00000E+00  0.00000E+00  0.00000E+00
3890  2.50000E-02  0.00000E+00  0.00000E+00  5.59319E-04  2.36507E+00  1.69414E-01  0.00000E+00  0.00000E+00  0.00000E+00  5.00000E-02  1.11895E-03  0.00000E+00  0.00000E+00  0.00000E+00
3900  2.50000E-02  0.00000E+00  0.00000E+00  5.59169E-04  2.36507E+00  1.69414E-01  0.00000E+00  0.00000E+00  0.00000E+00  5.00000E-02  1.11864E-03  0.00000E+00  0.00000E+00  0.00000E+00
3910  2.50000E-02  0.00000E+00  0.00000E+00  5.59021E-04  2.36507E+00  1.69414E-01  0.00000E+00  0.00000E+00  0.00000E+00  5.00000E-02  1.11834E-03  0.00000E+00  0.00000E+00  0.00000E+00
3920  2.50000E-02  0.00000E+00  0.00000E+00  5.58876E-04  2.36507E+00  1.69414E-01  0.00000E+00  0.00000E+00  0.00000E+00  5.00000E-02  1.11804E-03  0.00000E+00  0.00000E+00  0.00000E+00
3930  2.50000E-02  0.00000E+00  0.00000E+00  5.58733E-04  2.36507E+00  1.69414E-01  0.00000E+00  0.00000E+00  0.00000E+00  5.00000E-02  1.11775E-03  0.00000E+00  0.00000E+00  0.00000E+00
3940  2.50000E-02  0.00000E+00  0.00000E+00  5.58593E-04  2.36543E+00  1.69389E-01  0.00000E+00  0.00000E+00  0.00000E+00  5.00000E-02  1.11747E-03  0.00000E+00  0.00000E+00  0.00000E+00
3950  2.50000E-02  0.00000E+00  0.00000E+00  5.58455E-04  2.36543E+00  1.69389E-01  0.00000E+00  0.00000E+00  0.00000E+00  5.00000E-02  1.11719E-03  0.00000E+00  0.00000E+00  0.00000E+00
3960  2.50000E-02  0.00000E+00  0.00000E+00  5.58321E-04  2.36543E+00  1.69389E-01  0.00000E+00  0.00000E+00  0.00000E+00  5.00000E-02  1.11691E-03  0.00000E+00  0.00000E+00  0.00000E+00
3970  2.50000E-02  0.00000E+00  0.00000E+00  5.58190E-04  2.36543E+00  1.69389E-01  0.00000E+00  0.00000E+00  0.00000E+00  5.00000E-02  1.11664E-03  0.00000E+00  0.00000E+00  0.00000E+00
3980  2.50000E-02  0.00000E+00  0.00000E+00  5.58062E-04  2.36543E+00  1.69389E-01  0.00000E+00  0.00000E+00  0.00000E+00  5.00000E-02  1.11638E-03  0.00000E+00  0.00000E+00  0.00000E+00
3990  2.50000E-02  0.00000E+00  0.00000E+00  5.57937E-04  2.36543E+00  1.69389E-01  0.00000E+00  0.00000E+00  0.00000E+00  5.00000E-02  1.11612E-03  0.00000E+00  0.00000E+00  0.00000E+00
4000  2.50000E-02  0.00000E+00  0.00000E+00  5.57815E-04  2.36543E+00  1.69389E-01  0.00000E+00  0.00000E+00  0.00000E+00  5.00000E-02  1.11587E-03  0.00000E+00  0.00000E+00  0.00000E+00
